The system is: Darwin - 14.0.0 - x86_64
Compiling the C compiler identification source file "CMakeCCompilerId.c" succeeded.
Compiler:  
Build flags: 
Id flags: 

The output was:
0
=== BUILD TARGET CompilerIdC OF PROJECT CompilerIdC WITH THE DEFAULT CONFIGURATION (Debug) ===

Check dependencies

Write auxiliary files
/bin/mkdir -p /Users/karre/Graphics/OpenGL_bin_XCode/CMakeFiles/3.1.0/CompilerIdC/CompilerIdC.build/Debug/CompilerIdC.build
write-file /Users/karre/Graphics/OpenGL_bin_XCode/CMakeFiles/3.1.0/CompilerIdC/CompilerIdC.build/Debug/CompilerIdC.build/CompilerIdC-generated-files.hmap
write-file /Users/karre/Graphics/OpenGL_bin_XCode/CMakeFiles/3.1.0/CompilerIdC/CompilerIdC.build/Debug/CompilerIdC.build/CompilerIdC-project-headers.hmap
/bin/mkdir -p /Users/karre/Graphics/OpenGL_bin_XCode/CMakeFiles/3.1.0/CompilerIdC/CompilerIdC.build/Debug/CompilerIdC.build/Objects-normal/i386
write-file /Users/karre/Graphics/OpenGL_bin_XCode/CMakeFiles/3.1.0/CompilerIdC/CompilerIdC.build/Debug/CompilerIdC.build/Objects-normal/i386/CompilerIdC.LinkFileList
write-file /Users/karre/Graphics/OpenGL_bin_XCode/CMakeFiles/3.1.0/CompilerIdC/CompilerIdC.build/Debug/CompilerIdC.build/CompilerIdC-all-target-headers.hmap
write-file /Users/karre/Graphics/OpenGL_bin_XCode/CMakeFiles/3.1.0/CompilerIdC/CompilerIdC.build/Debug/CompilerIdC.build/CompilerIdC-own-target-headers.hmap
write-file /Users/karre/Graphics/OpenGL_bin_XCode/CMakeFiles/3.1.0/CompilerIdC/CompilerIdC.build/Debug/CompilerIdC.build/CompilerIdC-all-non-framework-target-headers.hmap
write-file /Users/karre/Graphics/OpenGL_bin_XCode/CMakeFiles/3.1.0/CompilerIdC/CompilerIdC.build/Debug/CompilerIdC.build/Script-2C8FEB8E15DC1A1A00E56A5D.sh
chmod 0755 /Users/karre/Graphics/OpenGL_bin_XCode/CMakeFiles/3.1.0/CompilerIdC/CompilerIdC.build/Debug/CompilerIdC.build/Script-2C8FEB8E15DC1A1A00E56A5D.sh
write-file /Users/karre/Graphics/OpenGL_bin_XCode/CMakeFiles/3.1.0/CompilerIdC/CompilerIdC.build/Debug/CompilerIdC.build/CompilerIdC.hmap

CompileC CompilerIdC.build/Debug/CompilerIdC.build/Objects-normal/i386/CMakeCCompilerId.o CMakeCCompilerId.c normal i386 c com.apple.compilers.llvm.clang.1_0.compiler
    cd /Users/karre/Graphics/OpenGL_bin_XCode/CMakeFiles/3.1.0/CompilerIdC
    export LANG=en_US.US-ASCII
    /Applications/Xcode.app/Contents/Developer/Toolchains/XcodeDefault.xctoolchain/usr/bin/clang -x c -arch i386 -fmessage-length=0 -fdiagnostics-show-note-include-stack -fmacro-backtrace-limit=0 -Wno-trigraphs -fpascal-strings -Os -Wno-missing-field-initializers -Wno-missing-prototypes -Wno-return-type -Wno-missing-braces -Wparentheses -Wswitch -Wno-unused-function -Wno-unused-label -Wno-unused-parameter -Wno-unused-variable -Wunused-value -Wno-empty-body -Wno-uninitialized -Wno-unknown-pragmas -Wno-shadow -Wno-four-char-constants -Wno-conversion -Wno-constant-conversion -Wno-int-conversion -Wno-bool-conversion -Wno-enum-conversion -Wno-shorten-64-to-32 -Wpointer-sign -Wno-newline-eof -isysroot /Applications/Xcode.app/Contents/Developer/Platforms/MacOSX.platform/Developer/SDKs/MacOSX10.10.sdk -fasm-blocks -fstrict-aliasing -Wdeprecated-declarations -mmacosx-version-min=10.10 -g -fvisibility=hidden -Wno-sign-conversion -I/Users/karre/Graphics/OpenGL_bin_XCode/CMakeFiles/3.1.0/CompilerIdC/CompilerIdC.build/Debug/CompilerIdC.build/CompilerIdC.hmap -I/Users/karre/Graphics/OpenGL_bin_XCode/CMakeFiles/3.1.0/CompilerIdC/include -I/Applications/Xcode.app/Contents/Developer/Toolchains/XcodeDefault.xctoolchain/usr/include -I/Users/karre/Graphics/OpenGL_bin_XCode/CMakeFiles/3.1.0/CompilerIdC/CompilerIdC.build/Debug/CompilerIdC.build/DerivedSources/i386 -I/Users/karre/Graphics/OpenGL_bin_XCode/CMakeFiles/3.1.0/CompilerIdC/CompilerIdC.build/Debug/CompilerIdC.build/DerivedSources -F/Users/karre/Graphics/OpenGL_bin_XCode/CMakeFiles/3.1.0/CompilerIdC -MMD -MT dependencies -MF /Users/karre/Graphics/OpenGL_bin_XCode/CMakeFiles/3.1.0/CompilerIdC/CompilerIdC.build/Debug/CompilerIdC.build/Objects-normal/i386/CMakeCCompilerId.d --serialize-diagnostics /Users/karre/Graphics/OpenGL_bin_XCode/CMakeFiles/3.1.0/CompilerIdC/CompilerIdC.build/Debug/CompilerIdC.build/Objects-normal/i386/CMakeCCompilerId.dia -c /Users/karre/Graphics/OpenGL_bin_XCode/CMakeFiles/3.1.0/CompilerIdC/CMakeCCompilerId.c -o /Users/karre/Graphics/OpenGL_bin_XCode/CMakeFiles/3.1.0/CompilerIdC/CompilerIdC.build/Debug/CompilerIdC.build/Objects-normal/i386/CMakeCCompilerId.o

Ld CompilerIdC normal i386
    cd /Users/karre/Graphics/OpenGL_bin_XCode/CMakeFiles/3.1.0/CompilerIdC
    export MACOSX_DEPLOYMENT_TARGET=10.10
    /Applications/Xcode.app/Contents/Developer/Toolchains/XcodeDefault.xctoolchain/usr/bin/clang -arch i386 -isysroot /Applications/Xcode.app/Contents/Developer/Platforms/MacOSX.platform/Developer/SDKs/MacOSX10.10.sdk -L/Users/karre/Graphics/OpenGL_bin_XCode/CMakeFiles/3.1.0/CompilerIdC -F/Users/karre/Graphics/OpenGL_bin_XCode/CMakeFiles/3.1.0/CompilerIdC -filelist /Users/karre/Graphics/OpenGL_bin_XCode/CMakeFiles/3.1.0/CompilerIdC/CompilerIdC.build/Debug/CompilerIdC.build/Objects-normal/i386/CompilerIdC.LinkFileList -mmacosx-version-min=10.10 -Xlinker -dependency_info -Xlinker /Users/karre/Graphics/OpenGL_bin_XCode/CMakeFiles/3.1.0/CompilerIdC/CompilerIdC.build/Debug/CompilerIdC.build/Objects-normal/i386/CompilerIdC_dependency_info.dat -o /Users/karre/Graphics/OpenGL_bin_XCode/CMakeFiles/3.1.0/CompilerIdC/CompilerIdC

PhaseScriptExecution Run\ Script CompilerIdC.build/Debug/CompilerIdC.build/Script-2C8FEB8E15DC1A1A00E56A5D.sh
    cd /Users/karre/Graphics/OpenGL_bin_XCode/CMakeFiles/3.1.0/CompilerIdC
    /bin/sh -c /Users/karre/Graphics/OpenGL_bin_XCode/CMakeFiles/3.1.0/CompilerIdC/CompilerIdC.build/Debug/CompilerIdC.build/Script-2C8FEB8E15DC1A1A00E56A5D.sh
GCC_VERSION=com.apple.compilers.llvm.clang.1_0

** BUILD SUCCEEDED **



Compilation of the C compiler identification source "CMakeCCompilerId.c" produced "CompilerIdC"

The C compiler identification is AppleClang, found in "/Users/karre/Graphics/OpenGL_bin_XCode/CMakeFiles/3.1.0/CompilerIdC/CompilerIdC"

Compiling the CXX compiler identification source file "CMakeCXXCompilerId.cpp" succeeded.
Compiler:  
Build flags: 
Id flags: 

The output was:
0
=== BUILD TARGET CompilerIdCXX OF PROJECT CompilerIdCXX WITH THE DEFAULT CONFIGURATION (Debug) ===

Check dependencies

Write auxiliary files
/bin/mkdir -p /Users/karre/Graphics/OpenGL_bin_XCode/CMakeFiles/3.1.0/CompilerIdCXX/CompilerIdCXX.build/Debug/CompilerIdCXX.build
write-file /Users/karre/Graphics/OpenGL_bin_XCode/CMakeFiles/3.1.0/CompilerIdCXX/CompilerIdCXX.build/Debug/CompilerIdCXX.build/CompilerIdCXX-own-target-headers.hmap
write-file /Users/karre/Graphics/OpenGL_bin_XCode/CMakeFiles/3.1.0/CompilerIdCXX/CompilerIdCXX.build/Debug/CompilerIdCXX.build/CompilerIdCXX.hmap
write-file /Users/karre/Graphics/OpenGL_bin_XCode/CMakeFiles/3.1.0/CompilerIdCXX/CompilerIdCXX.build/Debug/CompilerIdCXX.build/CompilerIdCXX-all-non-framework-target-headers.hmap
write-file /Users/karre/Graphics/OpenGL_bin_XCode/CMakeFiles/3.1.0/CompilerIdCXX/CompilerIdCXX.build/Debug/CompilerIdCXX.build/Script-2C8FEB8E15DC1A1A00E56A5D.sh
chmod 0755 /Users/karre/Graphics/OpenGL_bin_XCode/CMakeFiles/3.1.0/CompilerIdCXX/CompilerIdCXX.build/Debug/CompilerIdCXX.build/Script-2C8FEB8E15DC1A1A00E56A5D.sh
write-file /Users/karre/Graphics/OpenGL_bin_XCode/CMakeFiles/3.1.0/CompilerIdCXX/CompilerIdCXX.build/Debug/CompilerIdCXX.build/CompilerIdCXX-all-target-headers.hmap
write-file /Users/karre/Graphics/OpenGL_bin_XCode/CMakeFiles/3.1.0/CompilerIdCXX/CompilerIdCXX.build/Debug/CompilerIdCXX.build/CompilerIdCXX-generated-files.hmap
/bin/mkdir -p /Users/karre/Graphics/OpenGL_bin_XCode/CMakeFiles/3.1.0/CompilerIdCXX/CompilerIdCXX.build/Debug/CompilerIdCXX.build/Objects-normal/i386
write-file /Users/karre/Graphics/OpenGL_bin_XCode/CMakeFiles/3.1.0/CompilerIdCXX/CompilerIdCXX.build/Debug/CompilerIdCXX.build/Objects-normal/i386/CompilerIdCXX.LinkFileList
write-file /Users/karre/Graphics/OpenGL_bin_XCode/CMakeFiles/3.1.0/CompilerIdCXX/CompilerIdCXX.build/Debug/CompilerIdCXX.build/CompilerIdCXX-project-headers.hmap

CompileC CompilerIdCXX.build/Debug/CompilerIdCXX.build/Objects-normal/i386/CMakeCXXCompilerId.o CMakeCXXCompilerId.cpp normal i386 c++ com.apple.compilers.llvm.clang.1_0.compiler
    cd /Users/karre/Graphics/OpenGL_bin_XCode/CMakeFiles/3.1.0/CompilerIdCXX
    export LANG=en_US.US-ASCII
    /Applications/Xcode.app/Contents/Developer/Toolchains/XcodeDefault.xctoolchain/usr/bin/clang -x c++ -arch i386 -fmessage-length=0 -fdiagnostics-show-note-include-stack -fmacro-backtrace-limit=0 -Wno-trigraphs -fpascal-strings -Os -Wno-missing-field-initializers -Wno-missing-prototypes -Wno-return-type -Wno-non-virtual-dtor -Wno-overloaded-virtual -Wno-exit-time-destructors -Wno-missing-braces -Wparentheses -Wswitch -Wno-unused-function -Wno-unused-label -Wno-unused-parameter -Wno-unused-variable -Wunused-value -Wno-empty-body -Wno-uninitialized -Wno-unknown-pragmas -Wno-shadow -Wno-four-char-constants -Wno-conversion -Wno-constant-conversion -Wno-int-conversion -Wno-bool-conversion -Wno-enum-conversion -Wno-shorten-64-to-32 -Wno-newline-eof -Wno-c++11-extensions -isysroot /Applications/Xcode.app/Contents/Developer/Platforms/MacOSX.platform/Developer/SDKs/MacOSX10.10.sdk -fasm-blocks -fstrict-aliasing -Wdeprecated-declarations -Winvalid-offsetof -mmacosx-version-min=10.10 -g -fvisibility=hidden -fvisibility-inlines-hidden -Wno-sign-conversion -I/Users/karre/Graphics/OpenGL_bin_XCode/CMakeFiles/3.1.0/CompilerIdCXX/CompilerIdCXX.build/Debug/CompilerIdCXX.build/CompilerIdCXX.hmap -I/Users/karre/Graphics/OpenGL_bin_XCode/CMakeFiles/3.1.0/CompilerIdCXX/include -I/Applications/Xcode.app/Contents/Developer/Toolchains/XcodeDefault.xctoolchain/usr/include -I/Users/karre/Graphics/OpenGL_bin_XCode/CMakeFiles/3.1.0/CompilerIdCXX/CompilerIdCXX.build/Debug/CompilerIdCXX.build/DerivedSources/i386 -I/Users/karre/Graphics/OpenGL_bin_XCode/CMakeFiles/3.1.0/CompilerIdCXX/CompilerIdCXX.build/Debug/CompilerIdCXX.build/DerivedSources -F/Users/karre/Graphics/OpenGL_bin_XCode/CMakeFiles/3.1.0/CompilerIdCXX -MMD -MT dependencies -MF /Users/karre/Graphics/OpenGL_bin_XCode/CMakeFiles/3.1.0/CompilerIdCXX/CompilerIdCXX.build/Debug/CompilerIdCXX.build/Objects-normal/i386/CMakeCXXCompilerId.d --serialize-diagnostics /Users/karre/Graphics/OpenGL_bin_XCode/CMakeFiles/3.1.0/CompilerIdCXX/CompilerIdCXX.build/Debug/CompilerIdCXX.build/Objects-normal/i386/CMakeCXXCompilerId.dia -c /Users/karre/Graphics/OpenGL_bin_XCode/CMakeFiles/3.1.0/CompilerIdCXX/CMakeCXXCompilerId.cpp -o /Users/karre/Graphics/OpenGL_bin_XCode/CMakeFiles/3.1.0/CompilerIdCXX/CompilerIdCXX.build/Debug/CompilerIdCXX.build/Objects-normal/i386/CMakeCXXCompilerId.o

Ld CompilerIdCXX normal i386
    cd /Users/karre/Graphics/OpenGL_bin_XCode/CMakeFiles/3.1.0/CompilerIdCXX
    export MACOSX_DEPLOYMENT_TARGET=10.10
    /Applications/Xcode.app/Contents/Developer/Toolchains/XcodeDefault.xctoolchain/usr/bin/clang++ -arch i386 -isysroot /Applications/Xcode.app/Contents/Developer/Platforms/MacOSX.platform/Developer/SDKs/MacOSX10.10.sdk -L/Users/karre/Graphics/OpenGL_bin_XCode/CMakeFiles/3.1.0/CompilerIdCXX -F/Users/karre/Graphics/OpenGL_bin_XCode/CMakeFiles/3.1.0/CompilerIdCXX -filelist /Users/karre/Graphics/OpenGL_bin_XCode/CMakeFiles/3.1.0/CompilerIdCXX/CompilerIdCXX.build/Debug/CompilerIdCXX.build/Objects-normal/i386/CompilerIdCXX.LinkFileList -mmacosx-version-min=10.10 -Xlinker -dependency_info -Xlinker /Users/karre/Graphics/OpenGL_bin_XCode/CMakeFiles/3.1.0/CompilerIdCXX/CompilerIdCXX.build/Debug/CompilerIdCXX.build/Objects-normal/i386/CompilerIdCXX_dependency_info.dat -o /Users/karre/Graphics/OpenGL_bin_XCode/CMakeFiles/3.1.0/CompilerIdCXX/CompilerIdCXX

PhaseScriptExecution Run\ Script CompilerIdCXX.build/Debug/CompilerIdCXX.build/Script-2C8FEB8E15DC1A1A00E56A5D.sh
    cd /Users/karre/Graphics/OpenGL_bin_XCode/CMakeFiles/3.1.0/CompilerIdCXX
    /bin/sh -c /Users/karre/Graphics/OpenGL_bin_XCode/CMakeFiles/3.1.0/CompilerIdCXX/CompilerIdCXX.build/Debug/CompilerIdCXX.build/Script-2C8FEB8E15DC1A1A00E56A5D.sh
GCC_VERSION=com.apple.compilers.llvm.clang.1_0

** BUILD SUCCEEDED **



Compilation of the CXX compiler identification source "CMakeCXXCompilerId.cpp" produced "CompilerIdCXX"

The CXX compiler identification is AppleClang, found in "/Users/karre/Graphics/OpenGL_bin_XCode/CMakeFiles/3.1.0/CompilerIdCXX/CompilerIdCXX"

Determining if the C compiler works passed with the following output:
Change Dir: /Users/karre/Graphics/OpenGL_bin_XCode/CMakeFiles/CMakeTmp

Run Build Command:"/Applications/CMake.app/Contents/bin/cmakexbuild" "-project" "CMAKE_TRY_COMPILE.xcodeproj" "build" "-target" "cmTryCompileExec42007170" "-configuration" "Debug"
=== BUILD TARGET cmTryCompileExec42007170 OF PROJECT CMAKE_TRY_COMPILE WITH CONFIGURATION Debug ===

Check dependencies

Write auxiliary files
/bin/mkdir -p /Users/karre/Graphics/OpenGL_bin_XCode/CMakeFiles/CMakeTmp/CMAKE_TRY_COMPILE.build/Debug/cmTryCompileExec42007170.build/Objects-normal/x86_64
write-file /Users/karre/Graphics/OpenGL_bin_XCode/CMakeFiles/CMakeTmp/CMAKE_TRY_COMPILE.build/Debug/cmTryCompileExec42007170.build/Objects-normal/x86_64/cmTryCompileExec42007170.LinkFileList

CompileC CMAKE_TRY_COMPILE.build/Debug/cmTryCompileExec42007170.build/Objects-normal/x86_64/testCCompiler.o testCCompiler.c normal x86_64 c com.apple.compilers.llvm.clang.1_0.compiler
    cd /Users/karre/Graphics/OpenGL_bin_XCode/CMakeFiles/CMakeTmp
    export LANG=en_US.US-ASCII
    /Applications/Xcode.app/Contents/Developer/Toolchains/XcodeDefault.xctoolchain/usr/bin/clang -x c -arch x86_64 -fmessage-length=0 -fdiagnostics-show-note-include-stack -fmacro-backtrace-limit=0 -Wno-trigraphs -fpascal-strings -O0 -Wno-missing-field-initializers -Wno-missing-prototypes -Wno-return-type -Wno-missing-braces -Wparentheses -Wswitch -Wno-unused-function -Wno-unused-label -Wno-unused-parameter -Wno-unused-variable -Wunused-value -Wno-empty-body -Wno-uninitialized -Wno-unknown-pragmas -Wno-shadow -Wno-four-char-constants -Wno-conversion -Wno-constant-conversion -Wno-int-conversion -Wno-bool-conversion -Wno-enum-conversion -Wno-shorten-64-to-32 -Wpointer-sign -Wno-newline-eof -DCMAKE_INTDIR=\"Debug\" -isysroot /Applications/Xcode.app/Contents/Developer/Platforms/MacOSX.platform/Developer/SDKs/MacOSX10.10.sdk -fasm-blocks -fstrict-aliasing -Wdeprecated-declarations -mmacosx-version-min=10.10 -g -Wno-sign-conversion -I/Users/karre/Graphics/OpenGL_bin_XCode/CMakeFiles/CMakeTmp/Debug/include -I/Applications/Xcode.app/Contents/Developer/Toolchains/XcodeDefault.xctoolchain/usr/include -I/Users/karre/Graphics/OpenGL_bin_XCode/CMakeFiles/CMakeTmp/CMAKE_TRY_COMPILE.build/Debug/cmTryCompileExec42007170.build/DerivedSources/x86_64 -I/Users/karre/Graphics/OpenGL_bin_XCode/CMakeFiles/CMakeTmp/CMAKE_TRY_COMPILE.build/Debug/cmTryCompileExec42007170.build/DerivedSources -Wmost -Wno-four-char-constants -Wno-unknown-pragmas -F/Users/karre/Graphics/OpenGL_bin_XCode/CMakeFiles/CMakeTmp/Debug -MMD -MT dependencies -MF /Users/karre/Graphics/OpenGL_bin_XCode/CMakeFiles/CMakeTmp/CMAKE_TRY_COMPILE.build/Debug/cmTryCompileExec42007170.build/Objects-normal/x86_64/testCCompiler.d --serialize-diagnostics /Users/karre/Graphics/OpenGL_bin_XCode/CMakeFiles/CMakeTmp/CMAKE_TRY_COMPILE.build/Debug/cmTryCompileExec42007170.build/Objects-normal/x86_64/testCCompiler.dia -c /Users/karre/Graphics/OpenGL_bin_XCode/CMakeFiles/CMakeTmp/testCCompiler.c -o /Users/karre/Graphics/OpenGL_bin_XCode/CMakeFiles/CMakeTmp/CMAKE_TRY_COMPILE.build/Debug/cmTryCompileExec42007170.build/Objects-normal/x86_64/testCCompiler.o

Ld Debug/cmTryCompileExec42007170 normal x86_64
    cd /Users/karre/Graphics/OpenGL_bin_XCode/CMakeFiles/CMakeTmp
    export MACOSX_DEPLOYMENT_TARGET=10.10
    /Applications/Xcode.app/Contents/Developer/Toolchains/XcodeDefault.xctoolchain/usr/bin/clang -arch x86_64 -isysroot /Applications/Xcode.app/Contents/Developer/Platforms/MacOSX.platform/Developer/SDKs/MacOSX10.10.sdk -L/Users/karre/Graphics/OpenGL_bin_XCode/CMakeFiles/CMakeTmp/Debug -F/Users/karre/Graphics/OpenGL_bin_XCode/CMakeFiles/CMakeTmp/Debug -filelist /Users/karre/Graphics/OpenGL_bin_XCode/CMakeFiles/CMakeTmp/CMAKE_TRY_COMPILE.build/Debug/cmTryCompileExec42007170.build/Objects-normal/x86_64/cmTryCompileExec42007170.LinkFileList -mmacosx-version-min=10.10 -Wl,-search_paths_first -Wl,-headerpad_max_install_names -Xlinker -dependency_info -Xlinker /Users/karre/Graphics/OpenGL_bin_XCode/CMakeFiles/CMakeTmp/CMAKE_TRY_COMPILE.build/Debug/cmTryCompileExec42007170.build/Objects-normal/x86_64/cmTryCompileExec42007170_dependency_info.dat -o /Users/karre/Graphics/OpenGL_bin_XCode/CMakeFiles/CMakeTmp/Debug/cmTryCompileExec42007170

** BUILD SUCCEEDED **



Detecting C compiler ABI info compiled with the following output:
Change Dir: /Users/karre/Graphics/OpenGL_bin_XCode/CMakeFiles/CMakeTmp

Run Build Command:"/Applications/CMake.app/Contents/bin/cmakexbuild" "-project" "CMAKE_TRY_COMPILE.xcodeproj" "build" "-target" "cmTryCompileExec3511573049" "-configuration" "Debug"
=== BUILD TARGET cmTryCompileExec3511573049 OF PROJECT CMAKE_TRY_COMPILE WITH CONFIGURATION Debug ===

Check dependencies

Write auxiliary files
/bin/mkdir -p /Users/karre/Graphics/OpenGL_bin_XCode/CMakeFiles/CMakeTmp/CMAKE_TRY_COMPILE.build/Debug/cmTryCompileExec3511573049.build/Objects-normal/x86_64
write-file /Users/karre/Graphics/OpenGL_bin_XCode/CMakeFiles/CMakeTmp/CMAKE_TRY_COMPILE.build/Debug/cmTryCompileExec3511573049.build/Objects-normal/x86_64/cmTryCompileExec3511573049.LinkFileList

CompileC CMAKE_TRY_COMPILE.build/Debug/cmTryCompileExec3511573049.build/Objects-normal/x86_64/CMakeCCompilerABI.o /Applications/CMake.app/Contents/share/cmake-3.1/Modules/CMakeCCompilerABI.c normal x86_64 c com.apple.compilers.llvm.clang.1_0.compiler
    cd /Users/karre/Graphics/OpenGL_bin_XCode/CMakeFiles/CMakeTmp
    export LANG=en_US.US-ASCII
    /Applications/Xcode.app/Contents/Developer/Toolchains/XcodeDefault.xctoolchain/usr/bin/clang -x c -arch x86_64 -fmessage-length=0 -fdiagnostics-show-note-include-stack -fmacro-backtrace-limit=0 -Wno-trigraphs -fpascal-strings -O0 -Wno-missing-field-initializers -Wno-missing-prototypes -Wno-return-type -Wno-missing-braces -Wparentheses -Wswitch -Wno-unused-function -Wno-unused-label -Wno-unused-parameter -Wno-unused-variable -Wunused-value -Wno-empty-body -Wno-uninitialized -Wno-unknown-pragmas -Wno-shadow -Wno-four-char-constants -Wno-conversion -Wno-constant-conversion -Wno-int-conversion -Wno-bool-conversion -Wno-enum-conversion -Wno-shorten-64-to-32 -Wpointer-sign -Wno-newline-eof -DCMAKE_INTDIR=\"Debug\" -isysroot /Applications/Xcode.app/Contents/Developer/Platforms/MacOSX.platform/Developer/SDKs/MacOSX10.10.sdk -fasm-blocks -fstrict-aliasing -Wdeprecated-declarations -mmacosx-version-min=10.10 -g -Wno-sign-conversion -I/Users/karre/Graphics/OpenGL_bin_XCode/CMakeFiles/CMakeTmp/Debug/include -I/Applications/Xcode.app/Contents/Developer/Toolchains/XcodeDefault.xctoolchain/usr/include -I/Users/karre/Graphics/OpenGL_bin_XCode/CMakeFiles/CMakeTmp/CMAKE_TRY_COMPILE.build/Debug/cmTryCompileExec3511573049.build/DerivedSources/x86_64 -I/Users/karre/Graphics/OpenGL_bin_XCode/CMakeFiles/CMakeTmp/CMAKE_TRY_COMPILE.build/Debug/cmTryCompileExec3511573049.build/DerivedSources -Wmost -Wno-four-char-constants -Wno-unknown-pragmas -F/Users/karre/Graphics/OpenGL_bin_XCode/CMakeFiles/CMakeTmp/Debug -MMD -MT dependencies -MF /Users/karre/Graphics/OpenGL_bin_XCode/CMakeFiles/CMakeTmp/CMAKE_TRY_COMPILE.build/Debug/cmTryCompileExec3511573049.build/Objects-normal/x86_64/CMakeCCompilerABI.d --serialize-diagnostics /Users/karre/Graphics/OpenGL_bin_XCode/CMakeFiles/CMakeTmp/CMAKE_TRY_COMPILE.build/Debug/cmTryCompileExec3511573049.build/Objects-normal/x86_64/CMakeCCompilerABI.dia -c /Applications/CMake.app/Contents/share/cmake-3.1/Modules/CMakeCCompilerABI.c -o /Users/karre/Graphics/OpenGL_bin_XCode/CMakeFiles/CMakeTmp/CMAKE_TRY_COMPILE.build/Debug/cmTryCompileExec3511573049.build/Objects-normal/x86_64/CMakeCCompilerABI.o

Ld Debug/cmTryCompileExec3511573049 normal x86_64
    cd /Users/karre/Graphics/OpenGL_bin_XCode/CMakeFiles/CMakeTmp
    export MACOSX_DEPLOYMENT_TARGET=10.10
    /Applications/Xcode.app/Contents/Developer/Toolchains/XcodeDefault.xctoolchain/usr/bin/clang -arch x86_64 -isysroot /Applications/Xcode.app/Contents/Developer/Platforms/MacOSX.platform/Developer/SDKs/MacOSX10.10.sdk -L/Users/karre/Graphics/OpenGL_bin_XCode/CMakeFiles/CMakeTmp/Debug -F/Users/karre/Graphics/OpenGL_bin_XCode/CMakeFiles/CMakeTmp/Debug -filelist /Users/karre/Graphics/OpenGL_bin_XCode/CMakeFiles/CMakeTmp/CMAKE_TRY_COMPILE.build/Debug/cmTryCompileExec3511573049.build/Objects-normal/x86_64/cmTryCompileExec3511573049.LinkFileList -mmacosx-version-min=10.10 -v -Wl,-v -Wl,-search_paths_first -Wl,-headerpad_max_install_names -Xlinker -dependency_info -Xlinker /Users/karre/Graphics/OpenGL_bin_XCode/CMakeFiles/CMakeTmp/CMAKE_TRY_COMPILE.build/Debug/cmTryCompileExec3511573049.build/Objects-normal/x86_64/cmTryCompileExec3511573049_dependency_info.dat -o /Users/karre/Graphics/OpenGL_bin_XCode/CMakeFiles/CMakeTmp/Debug/cmTryCompileExec3511573049
Apple LLVM version 6.0 (clang-600.0.54) (based on LLVM 3.5svn)
Target: x86_64-apple-darwin14.0.0
Thread model: posix
 "/Applications/Xcode.app/Contents/Developer/Toolchains/XcodeDefault.xctoolchain/usr/bin/ld" -demangle -dynamic -arch x86_64 -macosx_version_min 10.10.0 -syslibroot /Applications/Xcode.app/Contents/Developer/Platforms/MacOSX.platform/Developer/SDKs/MacOSX10.10.sdk -o /Users/karre/Graphics/OpenGL_bin_XCode/CMakeFiles/CMakeTmp/Debug/cmTryCompileExec3511573049 -L/Users/karre/Graphics/OpenGL_bin_XCode/CMakeFiles/CMakeTmp/Debug -filelist /Users/karre/Graphics/OpenGL_bin_XCode/CMakeFiles/CMakeTmp/CMAKE_TRY_COMPILE.build/Debug/cmTryCompileExec3511573049.build/Objects-normal/x86_64/cmTryCompileExec3511573049.LinkFileList -v -search_paths_first -headerpad_max_install_names -dependency_info /Users/karre/Graphics/OpenGL_bin_XCode/CMakeFiles/CMakeTmp/CMAKE_TRY_COMPILE.build/Debug/cmTryCompileExec3511573049.build/Objects-normal/x86_64/cmTryCompileExec3511573049_dependency_info.dat -lSystem /Applications/Xcode.app/Contents/Developer/Toolchains/XcodeDefault.xctoolchain/usr/bin/../lib/clang/6.0/lib/darwin/libclang_rt.osx.a -F/Users/karre/Graphics/OpenGL_bin_XCode/CMakeFiles/CMakeTmp/Debug
@(#)PROGRAM:ld  PROJECT:ld64-241.9
configured to support archs: armv6 armv7 armv7s arm64 i386 x86_64 x86_64h armv6m armv7m armv7em
Library search paths:
	/Users/karre/Graphics/OpenGL_bin_XCode/CMakeFiles/CMakeTmp/Debug
	/Applications/Xcode.app/Contents/Developer/Platforms/MacOSX.platform/Developer/SDKs/MacOSX10.10.sdk/usr/lib
Framework search paths:
	/Users/karre/Graphics/OpenGL_bin_XCode/CMakeFiles/CMakeTmp/Debug
	/Applications/Xcode.app/Contents/Developer/Platforms/MacOSX.platform/Developer/SDKs/MacOSX10.10.sdk/System/Library/Frameworks/

** BUILD SUCCEEDED **



Parsed C implicit link information from above output:
  link line regex: [^( *|.*[/\])(ld|([^/\]+-)?ld|collect2)[^/\]*( |$)]
  ignore line: [Change Dir: /Users/karre/Graphics/OpenGL_bin_XCode/CMakeFiles/CMakeTmp]
  ignore line: []
  ignore line: [Run Build Command:"/Applications/CMake.app/Contents/bin/cmakexbuild" "-project" "CMAKE_TRY_COMPILE.xcodeproj" "build" "-target" "cmTryCompileExec3511573049" "-configuration" "Debug"]
  ignore line: [=== BUILD TARGET cmTryCompileExec3511573049 OF PROJECT CMAKE_TRY_COMPILE WITH CONFIGURATION Debug ===]
  ignore line: []
  ignore line: [Check dependencies]
  ignore line: []
  ignore line: [Write auxiliary files]
  ignore line: [/bin/mkdir -p /Users/karre/Graphics/OpenGL_bin_XCode/CMakeFiles/CMakeTmp/CMAKE_TRY_COMPILE.build/Debug/cmTryCompileExec3511573049.build/Objects-normal/x86_64]
  ignore line: [write-file /Users/karre/Graphics/OpenGL_bin_XCode/CMakeFiles/CMakeTmp/CMAKE_TRY_COMPILE.build/Debug/cmTryCompileExec3511573049.build/Objects-normal/x86_64/cmTryCompileExec3511573049.LinkFileList]
  ignore line: []
  ignore line: [CompileC CMAKE_TRY_COMPILE.build/Debug/cmTryCompileExec3511573049.build/Objects-normal/x86_64/CMakeCCompilerABI.o /Applications/CMake.app/Contents/share/cmake-3.1/Modules/CMakeCCompilerABI.c normal x86_64 c com.apple.compilers.llvm.clang.1_0.compiler]
  ignore line: [    cd /Users/karre/Graphics/OpenGL_bin_XCode/CMakeFiles/CMakeTmp]
  ignore line: [    export LANG=en_US.US-ASCII]
  ignore line: [    /Applications/Xcode.app/Contents/Developer/Toolchains/XcodeDefault.xctoolchain/usr/bin/clang -x c -arch x86_64 -fmessage-length=0 -fdiagnostics-show-note-include-stack -fmacro-backtrace-limit=0 -Wno-trigraphs -fpascal-strings -O0 -Wno-missing-field-initializers -Wno-missing-prototypes -Wno-return-type -Wno-missing-braces -Wparentheses -Wswitch -Wno-unused-function -Wno-unused-label -Wno-unused-parameter -Wno-unused-variable -Wunused-value -Wno-empty-body -Wno-uninitialized -Wno-unknown-pragmas -Wno-shadow -Wno-four-char-constants -Wno-conversion -Wno-constant-conversion -Wno-int-conversion -Wno-bool-conversion -Wno-enum-conversion -Wno-shorten-64-to-32 -Wpointer-sign -Wno-newline-eof -DCMAKE_INTDIR=\"Debug\" -isysroot /Applications/Xcode.app/Contents/Developer/Platforms/MacOSX.platform/Developer/SDKs/MacOSX10.10.sdk -fasm-blocks -fstrict-aliasing -Wdeprecated-declarations -mmacosx-version-min=10.10 -g -Wno-sign-conversion -I/Users/karre/Graphics/OpenGL_bin_XCode/CMakeFiles/CMakeTmp/Debug/include -I/Applications/Xcode.app/Contents/Developer/Toolchains/XcodeDefault.xctoolchain/usr/include -I/Users/karre/Graphics/OpenGL_bin_XCode/CMakeFiles/CMakeTmp/CMAKE_TRY_COMPILE.build/Debug/cmTryCompileExec3511573049.build/DerivedSources/x86_64 -I/Users/karre/Graphics/OpenGL_bin_XCode/CMakeFiles/CMakeTmp/CMAKE_TRY_COMPILE.build/Debug/cmTryCompileExec3511573049.build/DerivedSources -Wmost -Wno-four-char-constants -Wno-unknown-pragmas -F/Users/karre/Graphics/OpenGL_bin_XCode/CMakeFiles/CMakeTmp/Debug -MMD -MT dependencies -MF /Users/karre/Graphics/OpenGL_bin_XCode/CMakeFiles/CMakeTmp/CMAKE_TRY_COMPILE.build/Debug/cmTryCompileExec3511573049.build/Objects-normal/x86_64/CMakeCCompilerABI.d --serialize-diagnostics /Users/karre/Graphics/OpenGL_bin_XCode/CMakeFiles/CMakeTmp/CMAKE_TRY_COMPILE.build/Debug/cmTryCompileExec3511573049.build/Objects-normal/x86_64/CMakeCCompilerABI.dia -c /Applications/CMake.app/Contents/share/cmake-3.1/Modules/CMakeCCompilerABI.c -o /Users/karre/Graphics/OpenGL_bin_XCode/CMakeFiles/CMakeTmp/CMAKE_TRY_COMPILE.build/Debug/cmTryCompileExec3511573049.build/Objects-normal/x86_64/CMakeCCompilerABI.o]
  ignore line: []
  ignore line: [Ld Debug/cmTryCompileExec3511573049 normal x86_64]
  ignore line: [    cd /Users/karre/Graphics/OpenGL_bin_XCode/CMakeFiles/CMakeTmp]
  ignore line: [    export MACOSX_DEPLOYMENT_TARGET=10.10]
  ignore line: [    /Applications/Xcode.app/Contents/Developer/Toolchains/XcodeDefault.xctoolchain/usr/bin/clang -arch x86_64 -isysroot /Applications/Xcode.app/Contents/Developer/Platforms/MacOSX.platform/Developer/SDKs/MacOSX10.10.sdk -L/Users/karre/Graphics/OpenGL_bin_XCode/CMakeFiles/CMakeTmp/Debug -F/Users/karre/Graphics/OpenGL_bin_XCode/CMakeFiles/CMakeTmp/Debug -filelist /Users/karre/Graphics/OpenGL_bin_XCode/CMakeFiles/CMakeTmp/CMAKE_TRY_COMPILE.build/Debug/cmTryCompileExec3511573049.build/Objects-normal/x86_64/cmTryCompileExec3511573049.LinkFileList -mmacosx-version-min=10.10 -v -Wl,-v -Wl,-search_paths_first -Wl,-headerpad_max_install_names -Xlinker -dependency_info -Xlinker /Users/karre/Graphics/OpenGL_bin_XCode/CMakeFiles/CMakeTmp/CMAKE_TRY_COMPILE.build/Debug/cmTryCompileExec3511573049.build/Objects-normal/x86_64/cmTryCompileExec3511573049_dependency_info.dat -o /Users/karre/Graphics/OpenGL_bin_XCode/CMakeFiles/CMakeTmp/Debug/cmTryCompileExec3511573049]
  ignore line: [Apple LLVM version 6.0 (clang-600.0.54) (based on LLVM 3.5svn)]
  ignore line: [Target: x86_64-apple-darwin14.0.0]
  ignore line: [Thread model: posix]
  reduced line: [ "/Applications/Xcode.app/Contents/Developer/Toolchains/XcodeDefault.xctoolchain/usr/bin/ld" -demangle -dynamic -arch x86_64 -macosx_version_min 10.10.0 -syslibroot /Applications/Xcode.app/Contents/Developer/Platforms/MacOSX.platform/Developer/SDKs/MacOSX10.10.sdk -o /Users/karre/Graphics/OpenGL_bin_XCode/CMakeFiles/CMakeTmp/Debug/cmTryCompileExec3511573049 -L/Users/karre/Graphics/OpenGL_bin_XCode/CMakeFiles/CMakeTmp/Debug -filelist /Users/karre/Graphics/OpenGL_bin_XCode/CMakeFiles/CMakeTmp/CMAKE_TRY_COMPILE.build/Debug/cmTryCompileExec3511573049.build/Objects-normal/x86_64/cmTryCompileExec3511573049.LinkFileList -v -search_paths_first -headerpad_max_install_names -dependency_info /Users/karre/Graphics/OpenGL_bin_XCode/CMakeFiles/CMakeTmp/CMAKE_TRY_COMPILE.build/Debug/cmTryCompileExec3511573049.build/Objects-normal/x86_64/cmTryCompileExec3511573049_dependency_info.dat -lSystem /Applications/Xcode.app/Contents/Developer/Toolchains/XcodeDefault.xctoolchain/usr/bin/../lib/clang/6.0/lib/darwin/libclang_rt.osx.a -F/Users/karre/Graphics/OpenGL_bin_XCode/CMakeFiles/CMakeTmp/Debug]
            to: [ "/Applications/Xcode.app/Contents/Developer/Toolchains/XcodeDefault.xctoolchain/usr/bin/ld" -demangle -dynamic -arch x86_64 -macosx_version_min 10.10.0 -syslibroot /Applications/Xcode.app/Contents/Developer/Platforms/MacOSX.platform/Developer/SDKs/MacOSX10.10.sdk -o /Users/karre/Graphics/OpenGL_bin_XCode/CMakeFiles/CMakeTmp/Debug/cmTryCompileExec3511573049 -filelist /Users/karre/Graphics/OpenGL_bin_XCode/CMakeFiles/CMakeTmp/CMAKE_TRY_COMPILE.build/Debug/cmTryCompileExec3511573049.build/Objects-normal/x86_64/cmTryCompileExec3511573049.LinkFileList -v -search_paths_first -headerpad_max_install_names -dependency_info /Users/karre/Graphics/OpenGL_bin_XCode/CMakeFiles/CMakeTmp/CMAKE_TRY_COMPILE.build/Debug/cmTryCompileExec3511573049.build/Objects-normal/x86_64/cmTryCompileExec3511573049_dependency_info.dat -lSystem /Applications/Xcode.app/Contents/Developer/Toolchains/XcodeDefault.xctoolchain/usr/bin/../lib/clang/6.0/lib/darwin/libclang_rt.osx.a ]
  link line: [ "/Applications/Xcode.app/Contents/Developer/Toolchains/XcodeDefault.xctoolchain/usr/bin/ld" -demangle -dynamic -arch x86_64 -macosx_version_min 10.10.0 -syslibroot /Applications/Xcode.app/Contents/Developer/Platforms/MacOSX.platform/Developer/SDKs/MacOSX10.10.sdk -o /Users/karre/Graphics/OpenGL_bin_XCode/CMakeFiles/CMakeTmp/Debug/cmTryCompileExec3511573049 -filelist /Users/karre/Graphics/OpenGL_bin_XCode/CMakeFiles/CMakeTmp/CMAKE_TRY_COMPILE.build/Debug/cmTryCompileExec3511573049.build/Objects-normal/x86_64/cmTryCompileExec3511573049.LinkFileList -v -search_paths_first -headerpad_max_install_names -dependency_info /Users/karre/Graphics/OpenGL_bin_XCode/CMakeFiles/CMakeTmp/CMAKE_TRY_COMPILE.build/Debug/cmTryCompileExec3511573049.build/Objects-normal/x86_64/cmTryCompileExec3511573049_dependency_info.dat -lSystem /Applications/Xcode.app/Contents/Developer/Toolchains/XcodeDefault.xctoolchain/usr/bin/../lib/clang/6.0/lib/darwin/libclang_rt.osx.a ]
    arg [/Applications/Xcode.app/Contents/Developer/Toolchains/XcodeDefault.xctoolchain/usr/bin/ld] ==> ignore
    arg [-demangle] ==> ignore
    arg [-dynamic] ==> ignore
    arg [-arch] ==> ignore
    arg [x86_64] ==> ignore
    arg [-macosx_version_min] ==> ignore
    arg [10.10.0] ==> ignore
    arg [-syslibroot] ==> ignore
    arg [/Applications/Xcode.app/Contents/Developer/Platforms/MacOSX.platform/Developer/SDKs/MacOSX10.10.sdk] ==> ignore
    arg [-o] ==> ignore
    arg [/Users/karre/Graphics/OpenGL_bin_XCode/CMakeFiles/CMakeTmp/Debug/cmTryCompileExec3511573049] ==> ignore
    arg [-filelist] ==> ignore
    arg [/Users/karre/Graphics/OpenGL_bin_XCode/CMakeFiles/CMakeTmp/CMAKE_TRY_COMPILE.build/Debug/cmTryCompileExec3511573049.build/Objects-normal/x86_64/cmTryCompileExec3511573049.LinkFileList] ==> ignore
    arg [-v] ==> ignore
    arg [-search_paths_first] ==> ignore
    arg [-headerpad_max_install_names] ==> ignore
    arg [-dependency_info] ==> ignore
    arg [/Users/karre/Graphics/OpenGL_bin_XCode/CMakeFiles/CMakeTmp/CMAKE_TRY_COMPILE.build/Debug/cmTryCompileExec3511573049.build/Objects-normal/x86_64/cmTryCompileExec3511573049_dependency_info.dat] ==> ignore
    arg [-lSystem] ==> lib [System]
    arg [/Applications/Xcode.app/Contents/Developer/Toolchains/XcodeDefault.xctoolchain/usr/bin/../lib/clang/6.0/lib/darwin/libclang_rt.osx.a] ==> lib [/Applications/Xcode.app/Contents/Developer/Toolchains/XcodeDefault.xctoolchain/usr/bin/../lib/clang/6.0/lib/darwin/libclang_rt.osx.a]
  Library search paths: [;/Users/karre/Graphics/OpenGL_bin_XCode/CMakeFiles/CMakeTmp/Debug;/Applications/Xcode.app/Contents/Developer/Platforms/MacOSX.platform/Developer/SDKs/MacOSX10.10.sdk/usr/lib]
  Framework search paths: [;/Users/karre/Graphics/OpenGL_bin_XCode/CMakeFiles/CMakeTmp/Debug;/Applications/Xcode.app/Contents/Developer/Platforms/MacOSX.platform/Developer/SDKs/MacOSX10.10.sdk/System/Library/Frameworks/]
  remove lib [System]
  collapse lib [/Applications/Xcode.app/Contents/Developer/Toolchains/XcodeDefault.xctoolchain/usr/bin/../lib/clang/6.0/lib/darwin/libclang_rt.osx.a] ==> [/Applications/Xcode.app/Contents/Developer/Toolchains/XcodeDefault.xctoolchain/usr/lib/clang/6.0/lib/darwin/libclang_rt.osx.a]
  collapse library dir [/Users/karre/Graphics/OpenGL_bin_XCode/CMakeFiles/CMakeTmp/Debug] ==> [/Users/karre/Graphics/OpenGL_bin_XCode/CMakeFiles/CMakeTmp/Debug], skipping non-system directory
  collapse library dir [/Applications/Xcode.app/Contents/Developer/Platforms/MacOSX.platform/Developer/SDKs/MacOSX10.10.sdk/usr/lib] ==> [/Applications/Xcode.app/Contents/Developer/Platforms/MacOSX.platform/Developer/SDKs/MacOSX10.10.sdk/usr/lib]
  collapse framework dir [/Users/karre/Graphics/OpenGL_bin_XCode/CMakeFiles/CMakeTmp/Debug] ==> [/Users/karre/Graphics/OpenGL_bin_XCode/CMakeFiles/CMakeTmp/Debug], skipping non-system directory
  collapse framework dir [/Applications/Xcode.app/Contents/Developer/Platforms/MacOSX.platform/Developer/SDKs/MacOSX10.10.sdk/System/Library/Frameworks/] ==> [/Applications/Xcode.app/Contents/Developer/Platforms/MacOSX.platform/Developer/SDKs/MacOSX10.10.sdk/System/Library/Frameworks]
  implicit libs: [/Applications/Xcode.app/Contents/Developer/Toolchains/XcodeDefault.xctoolchain/usr/lib/clang/6.0/lib/darwin/libclang_rt.osx.a]
  implicit dirs: [/Applications/Xcode.app/Contents/Developer/Platforms/MacOSX.platform/Developer/SDKs/MacOSX10.10.sdk/usr/lib]
  implicit fwks: [/Applications/Xcode.app/Contents/Developer/Platforms/MacOSX.platform/Developer/SDKs/MacOSX10.10.sdk/System/Library/Frameworks]


Determining if the CXX compiler works passed with the following output:
Change Dir: /Users/karre/Graphics/OpenGL_bin_XCode/CMakeFiles/CMakeTmp

Run Build Command:"/Applications/CMake.app/Contents/bin/cmakexbuild" "-project" "CMAKE_TRY_COMPILE.xcodeproj" "build" "-target" "cmTryCompileExec2710225450" "-configuration" "Debug"
=== BUILD TARGET cmTryCompileExec2710225450 OF PROJECT CMAKE_TRY_COMPILE WITH CONFIGURATION Debug ===

Check dependencies

Write auxiliary files
/bin/mkdir -p /Users/karre/Graphics/OpenGL_bin_XCode/CMakeFiles/CMakeTmp/CMAKE_TRY_COMPILE.build/Debug/cmTryCompileExec2710225450.build/Objects-normal/x86_64
write-file /Users/karre/Graphics/OpenGL_bin_XCode/CMakeFiles/CMakeTmp/CMAKE_TRY_COMPILE.build/Debug/cmTryCompileExec2710225450.build/Objects-normal/x86_64/cmTryCompileExec2710225450.LinkFileList

CompileC CMAKE_TRY_COMPILE.build/Debug/cmTryCompileExec2710225450.build/Objects-normal/x86_64/testCXXCompiler.o testCXXCompiler.cxx normal x86_64 c++ com.apple.compilers.llvm.clang.1_0.compiler
    cd /Users/karre/Graphics/OpenGL_bin_XCode/CMakeFiles/CMakeTmp
    export LANG=en_US.US-ASCII
    /Applications/Xcode.app/Contents/Developer/Toolchains/XcodeDefault.xctoolchain/usr/bin/clang -x c++ -arch x86_64 -fmessage-length=0 -fdiagnostics-show-note-include-stack -fmacro-backtrace-limit=0 -Wno-trigraphs -fpascal-strings -O0 -Wno-missing-field-initializers -Wno-missing-prototypes -Wno-return-type -Wno-non-virtual-dtor -Wno-overloaded-virtual -Wno-exit-time-destructors -Wno-missing-braces -Wparentheses -Wswitch -Wno-unused-function -Wno-unused-label -Wno-unused-parameter -Wno-unused-variable -Wunused-value -Wno-empty-body -Wno-uninitialized -Wno-unknown-pragmas -Wno-shadow -Wno-four-char-constants -Wno-conversion -Wno-constant-conversion -Wno-int-conversion -Wno-bool-conversion -Wno-enum-conversion -Wno-shorten-64-to-32 -Wno-newline-eof -Wno-c++11-extensions -DCMAKE_INTDIR=\"Debug\" -isysroot /Applications/Xcode.app/Contents/Developer/Platforms/MacOSX.platform/Developer/SDKs/MacOSX10.10.sdk -fasm-blocks -fstrict-aliasing -Wdeprecated-declarations -Winvalid-offsetof -mmacosx-version-min=10.10 -Wno-sign-conversion -I/Users/karre/Graphics/OpenGL_bin_XCode/CMakeFiles/CMakeTmp/Debug/include -I/Applications/Xcode.app/Contents/Developer/Toolchains/XcodeDefault.xctoolchain/usr/include -I/Users/karre/Graphics/OpenGL_bin_XCode/CMakeFiles/CMakeTmp/CMAKE_TRY_COMPILE.build/Debug/cmTryCompileExec2710225450.build/DerivedSources/x86_64 -I/Users/karre/Graphics/OpenGL_bin_XCode/CMakeFiles/CMakeTmp/CMAKE_TRY_COMPILE.build/Debug/cmTryCompileExec2710225450.build/DerivedSources -Wmost -Wno-four-char-constants -Wno-unknown-pragmas -F/Users/karre/Graphics/OpenGL_bin_XCode/CMakeFiles/CMakeTmp/Debug -g -MMD -MT dependencies -MF /Users/karre/Graphics/OpenGL_bin_XCode/CMakeFiles/CMakeTmp/CMAKE_TRY_COMPILE.build/Debug/cmTryCompileExec2710225450.build/Objects-normal/x86_64/testCXXCompiler.d --serialize-diagnostics /Users/karre/Graphics/OpenGL_bin_XCode/CMakeFiles/CMakeTmp/CMAKE_TRY_COMPILE.build/Debug/cmTryCompileExec2710225450.build/Objects-normal/x86_64/testCXXCompiler.dia -c /Users/karre/Graphics/OpenGL_bin_XCode/CMakeFiles/CMakeTmp/testCXXCompiler.cxx -o /Users/karre/Graphics/OpenGL_bin_XCode/CMakeFiles/CMakeTmp/CMAKE_TRY_COMPILE.build/Debug/cmTryCompileExec2710225450.build/Objects-normal/x86_64/testCXXCompiler.o

Ld Debug/cmTryCompileExec2710225450 normal x86_64
    cd /Users/karre/Graphics/OpenGL_bin_XCode/CMakeFiles/CMakeTmp
    export MACOSX_DEPLOYMENT_TARGET=10.10
    /Applications/Xcode.app/Contents/Developer/Toolchains/XcodeDefault.xctoolchain/usr/bin/clang++ -arch x86_64 -isysroot /Applications/Xcode.app/Contents/Developer/Platforms/MacOSX.platform/Developer/SDKs/MacOSX10.10.sdk -L/Users/karre/Graphics/OpenGL_bin_XCode/CMakeFiles/CMakeTmp/Debug -F/Users/karre/Graphics/OpenGL_bin_XCode/CMakeFiles/CMakeTmp/Debug -filelist /Users/karre/Graphics/OpenGL_bin_XCode/CMakeFiles/CMakeTmp/CMAKE_TRY_COMPILE.build/Debug/cmTryCompileExec2710225450.build/Objects-normal/x86_64/cmTryCompileExec2710225450.LinkFileList -mmacosx-version-min=10.10 -Wl,-search_paths_first -Wl,-headerpad_max_install_names -Xlinker -dependency_info -Xlinker /Users/karre/Graphics/OpenGL_bin_XCode/CMakeFiles/CMakeTmp/CMAKE_TRY_COMPILE.build/Debug/cmTryCompileExec2710225450.build/Objects-normal/x86_64/cmTryCompileExec2710225450_dependency_info.dat -o /Users/karre/Graphics/OpenGL_bin_XCode/CMakeFiles/CMakeTmp/Debug/cmTryCompileExec2710225450

** BUILD SUCCEEDED **



Detecting CXX compiler ABI info compiled with the following output:
Change Dir: /Users/karre/Graphics/OpenGL_bin_XCode/CMakeFiles/CMakeTmp

Run Build Command:"/Applications/CMake.app/Contents/bin/cmakexbuild" "-project" "CMAKE_TRY_COMPILE.xcodeproj" "build" "-target" "cmTryCompileExec3095183163" "-configuration" "Debug"
=== BUILD TARGET cmTryCompileExec3095183163 OF PROJECT CMAKE_TRY_COMPILE WITH CONFIGURATION Debug ===

Check dependencies

Write auxiliary files
/bin/mkdir -p /Users/karre/Graphics/OpenGL_bin_XCode/CMakeFiles/CMakeTmp/CMAKE_TRY_COMPILE.build/Debug/cmTryCompileExec3095183163.build/Objects-normal/x86_64
write-file /Users/karre/Graphics/OpenGL_bin_XCode/CMakeFiles/CMakeTmp/CMAKE_TRY_COMPILE.build/Debug/cmTryCompileExec3095183163.build/Objects-normal/x86_64/cmTryCompileExec3095183163.LinkFileList

CompileC CMAKE_TRY_COMPILE.build/Debug/cmTryCompileExec3095183163.build/Objects-normal/x86_64/CMakeCXXCompilerABI.o /Applications/CMake.app/Contents/share/cmake-3.1/Modules/CMakeCXXCompilerABI.cpp normal x86_64 c++ com.apple.compilers.llvm.clang.1_0.compiler
    cd /Users/karre/Graphics/OpenGL_bin_XCode/CMakeFiles/CMakeTmp
    export LANG=en_US.US-ASCII
    /Applications/Xcode.app/Contents/Developer/Toolchains/XcodeDefault.xctoolchain/usr/bin/clang -x c++ -arch x86_64 -fmessage-length=0 -fdiagnostics-show-note-include-stack -fmacro-backtrace-limit=0 -Wno-trigraphs -fpascal-strings -O0 -Wno-missing-field-initializers -Wno-missing-prototypes -Wno-return-type -Wno-non-virtual-dtor -Wno-overloaded-virtual -Wno-exit-time-destructors -Wno-missing-braces -Wparentheses -Wswitch -Wno-unused-function -Wno-unused-label -Wno-unused-parameter -Wno-unused-variable -Wunused-value -Wno-empty-body -Wno-uninitialized -Wno-unknown-pragmas -Wno-shadow -Wno-four-char-constants -Wno-conversion -Wno-constant-conversion -Wno-int-conversion -Wno-bool-conversion -Wno-enum-conversion -Wno-shorten-64-to-32 -Wno-newline-eof -Wno-c++11-extensions -DCMAKE_INTDIR=\"Debug\" -isysroot /Applications/Xcode.app/Contents/Developer/Platforms/MacOSX.platform/Developer/SDKs/MacOSX10.10.sdk -fasm-blocks -fstrict-aliasing -Wdeprecated-declarations -Winvalid-offsetof -mmacosx-version-min=10.10 -Wno-sign-conversion -I/Users/karre/Graphics/OpenGL_bin_XCode/CMakeFiles/CMakeTmp/Debug/include -I/Applications/Xcode.app/Contents/Developer/Toolchains/XcodeDefault.xctoolchain/usr/include -I/Users/karre/Graphics/OpenGL_bin_XCode/CMakeFiles/CMakeTmp/CMAKE_TRY_COMPILE.build/Debug/cmTryCompileExec3095183163.build/DerivedSources/x86_64 -I/Users/karre/Graphics/OpenGL_bin_XCode/CMakeFiles/CMakeTmp/CMAKE_TRY_COMPILE.build/Debug/cmTryCompileExec3095183163.build/DerivedSources -Wmost -Wno-four-char-constants -Wno-unknown-pragmas -F/Users/karre/Graphics/OpenGL_bin_XCode/CMakeFiles/CMakeTmp/Debug -g -MMD -MT dependencies -MF /Users/karre/Graphics/OpenGL_bin_XCode/CMakeFiles/CMakeTmp/CMAKE_TRY_COMPILE.build/Debug/cmTryCompileExec3095183163.build/Objects-normal/x86_64/CMakeCXXCompilerABI.d --serialize-diagnostics /Users/karre/Graphics/OpenGL_bin_XCode/CMakeFiles/CMakeTmp/CMAKE_TRY_COMPILE.build/Debug/cmTryCompileExec3095183163.build/Objects-normal/x86_64/CMakeCXXCompilerABI.dia -c /Applications/CMake.app/Contents/share/cmake-3.1/Modules/CMakeCXXCompilerABI.cpp -o /Users/karre/Graphics/OpenGL_bin_XCode/CMakeFiles/CMakeTmp/CMAKE_TRY_COMPILE.build/Debug/cmTryCompileExec3095183163.build/Objects-normal/x86_64/CMakeCXXCompilerABI.o

Ld Debug/cmTryCompileExec3095183163 normal x86_64
    cd /Users/karre/Graphics/OpenGL_bin_XCode/CMakeFiles/CMakeTmp
    export MACOSX_DEPLOYMENT_TARGET=10.10
    /Applications/Xcode.app/Contents/Developer/Toolchains/XcodeDefault.xctoolchain/usr/bin/clang++ -arch x86_64 -isysroot /Applications/Xcode.app/Contents/Developer/Platforms/MacOSX.platform/Developer/SDKs/MacOSX10.10.sdk -L/Users/karre/Graphics/OpenGL_bin_XCode/CMakeFiles/CMakeTmp/Debug -F/Users/karre/Graphics/OpenGL_bin_XCode/CMakeFiles/CMakeTmp/Debug -filelist /Users/karre/Graphics/OpenGL_bin_XCode/CMakeFiles/CMakeTmp/CMAKE_TRY_COMPILE.build/Debug/cmTryCompileExec3095183163.build/Objects-normal/x86_64/cmTryCompileExec3095183163.LinkFileList -mmacosx-version-min=10.10 -v -Wl,-v -Wl,-search_paths_first -Wl,-headerpad_max_install_names -Xlinker -dependency_info -Xlinker /Users/karre/Graphics/OpenGL_bin_XCode/CMakeFiles/CMakeTmp/CMAKE_TRY_COMPILE.build/Debug/cmTryCompileExec3095183163.build/Objects-normal/x86_64/cmTryCompileExec3095183163_dependency_info.dat -o /Users/karre/Graphics/OpenGL_bin_XCode/CMakeFiles/CMakeTmp/Debug/cmTryCompileExec3095183163
Apple LLVM version 6.0 (clang-600.0.54) (based on LLVM 3.5svn)
Target: x86_64-apple-darwin14.0.0
Thread model: posix
 "/Applications/Xcode.app/Contents/Developer/Toolchains/XcodeDefault.xctoolchain/usr/bin/ld" -demangle -dynamic -arch x86_64 -macosx_version_min 10.10.0 -syslibroot /Applications/Xcode.app/Contents/Developer/Platforms/MacOSX.platform/Developer/SDKs/MacOSX10.10.sdk -o /Users/karre/Graphics/OpenGL_bin_XCode/CMakeFiles/CMakeTmp/Debug/cmTryCompileExec3095183163 -L/Users/karre/Graphics/OpenGL_bin_XCode/CMakeFiles/CMakeTmp/Debug -filelist /Users/karre/Graphics/OpenGL_bin_XCode/CMakeFiles/CMakeTmp/CMAKE_TRY_COMPILE.build/Debug/cmTryCompileExec3095183163.build/Objects-normal/x86_64/cmTryCompileExec3095183163.LinkFileList -v -search_paths_first -headerpad_max_install_names -dependency_info /Users/karre/Graphics/OpenGL_bin_XCode/CMakeFiles/CMakeTmp/CMAKE_TRY_COMPILE.build/Debug/cmTryCompileExec3095183163.build/Objects-normal/x86_64/cmTryCompileExec3095183163_dependency_info.dat -lc++ -lSystem /Applications/Xcode.app/Contents/Developer/Toolchains/XcodeDefault.xctoolchain/usr/bin/../lib/clang/6.0/lib/darwin/libclang_rt.osx.a -F/Users/karre/Graphics/OpenGL_bin_XCode/CMakeFiles/CMakeTmp/Debug
@(#)PROGRAM:ld  PROJECT:ld64-241.9
configured to support archs: armv6 armv7 armv7s arm64 i386 x86_64 x86_64h armv6m armv7m armv7em
Library search paths:
	/Users/karre/Graphics/OpenGL_bin_XCode/CMakeFiles/CMakeTmp/Debug
	/Applications/Xcode.app/Contents/Developer/Platforms/MacOSX.platform/Developer/SDKs/MacOSX10.10.sdk/usr/lib
Framework search paths:
	/Users/karre/Graphics/OpenGL_bin_XCode/CMakeFiles/CMakeTmp/Debug
	/Applications/Xcode.app/Contents/Developer/Platforms/MacOSX.platform/Developer/SDKs/MacOSX10.10.sdk/System/Library/Frameworks/

** BUILD SUCCEEDED **



Parsed CXX implicit link information from above output:
  link line regex: [^( *|.*[/\])(ld|([^/\]+-)?ld|collect2)[^/\]*( |$)]
  ignore line: [Change Dir: /Users/karre/Graphics/OpenGL_bin_XCode/CMakeFiles/CMakeTmp]
  ignore line: []
  ignore line: [Run Build Command:"/Applications/CMake.app/Contents/bin/cmakexbuild" "-project" "CMAKE_TRY_COMPILE.xcodeproj" "build" "-target" "cmTryCompileExec3095183163" "-configuration" "Debug"]
  ignore line: [=== BUILD TARGET cmTryCompileExec3095183163 OF PROJECT CMAKE_TRY_COMPILE WITH CONFIGURATION Debug ===]
  ignore line: []
  ignore line: [Check dependencies]
  ignore line: []
  ignore line: [Write auxiliary files]
  ignore line: [/bin/mkdir -p /Users/karre/Graphics/OpenGL_bin_XCode/CMakeFiles/CMakeTmp/CMAKE_TRY_COMPILE.build/Debug/cmTryCompileExec3095183163.build/Objects-normal/x86_64]
  ignore line: [write-file /Users/karre/Graphics/OpenGL_bin_XCode/CMakeFiles/CMakeTmp/CMAKE_TRY_COMPILE.build/Debug/cmTryCompileExec3095183163.build/Objects-normal/x86_64/cmTryCompileExec3095183163.LinkFileList]
  ignore line: []
  ignore line: [CompileC CMAKE_TRY_COMPILE.build/Debug/cmTryCompileExec3095183163.build/Objects-normal/x86_64/CMakeCXXCompilerABI.o /Applications/CMake.app/Contents/share/cmake-3.1/Modules/CMakeCXXCompilerABI.cpp normal x86_64 c++ com.apple.compilers.llvm.clang.1_0.compiler]
  ignore line: [    cd /Users/karre/Graphics/OpenGL_bin_XCode/CMakeFiles/CMakeTmp]
  ignore line: [    export LANG=en_US.US-ASCII]
  ignore line: [    /Applications/Xcode.app/Contents/Developer/Toolchains/XcodeDefault.xctoolchain/usr/bin/clang -x c++ -arch x86_64 -fmessage-length=0 -fdiagnostics-show-note-include-stack -fmacro-backtrace-limit=0 -Wno-trigraphs -fpascal-strings -O0 -Wno-missing-field-initializers -Wno-missing-prototypes -Wno-return-type -Wno-non-virtual-dtor -Wno-overloaded-virtual -Wno-exit-time-destructors -Wno-missing-braces -Wparentheses -Wswitch -Wno-unused-function -Wno-unused-label -Wno-unused-parameter -Wno-unused-variable -Wunused-value -Wno-empty-body -Wno-uninitialized -Wno-unknown-pragmas -Wno-shadow -Wno-four-char-constants -Wno-conversion -Wno-constant-conversion -Wno-int-conversion -Wno-bool-conversion -Wno-enum-conversion -Wno-shorten-64-to-32 -Wno-newline-eof -Wno-c++11-extensions -DCMAKE_INTDIR=\"Debug\" -isysroot /Applications/Xcode.app/Contents/Developer/Platforms/MacOSX.platform/Developer/SDKs/MacOSX10.10.sdk -fasm-blocks -fstrict-aliasing -Wdeprecated-declarations -Winvalid-offsetof -mmacosx-version-min=10.10 -Wno-sign-conversion -I/Users/karre/Graphics/OpenGL_bin_XCode/CMakeFiles/CMakeTmp/Debug/include -I/Applications/Xcode.app/Contents/Developer/Toolchains/XcodeDefault.xctoolchain/usr/include -I/Users/karre/Graphics/OpenGL_bin_XCode/CMakeFiles/CMakeTmp/CMAKE_TRY_COMPILE.build/Debug/cmTryCompileExec3095183163.build/DerivedSources/x86_64 -I/Users/karre/Graphics/OpenGL_bin_XCode/CMakeFiles/CMakeTmp/CMAKE_TRY_COMPILE.build/Debug/cmTryCompileExec3095183163.build/DerivedSources -Wmost -Wno-four-char-constants -Wno-unknown-pragmas -F/Users/karre/Graphics/OpenGL_bin_XCode/CMakeFiles/CMakeTmp/Debug -g -MMD -MT dependencies -MF /Users/karre/Graphics/OpenGL_bin_XCode/CMakeFiles/CMakeTmp/CMAKE_TRY_COMPILE.build/Debug/cmTryCompileExec3095183163.build/Objects-normal/x86_64/CMakeCXXCompilerABI.d --serialize-diagnostics /Users/karre/Graphics/OpenGL_bin_XCode/CMakeFiles/CMakeTmp/CMAKE_TRY_COMPILE.build/Debug/cmTryCompileExec3095183163.build/Objects-normal/x86_64/CMakeCXXCompilerABI.dia -c /Applications/CMake.app/Contents/share/cmake-3.1/Modules/CMakeCXXCompilerABI.cpp -o /Users/karre/Graphics/OpenGL_bin_XCode/CMakeFiles/CMakeTmp/CMAKE_TRY_COMPILE.build/Debug/cmTryCompileExec3095183163.build/Objects-normal/x86_64/CMakeCXXCompilerABI.o]
  ignore line: []
  ignore line: [Ld Debug/cmTryCompileExec3095183163 normal x86_64]
  ignore line: [    cd /Users/karre/Graphics/OpenGL_bin_XCode/CMakeFiles/CMakeTmp]
  ignore line: [    export MACOSX_DEPLOYMENT_TARGET=10.10]
  ignore line: [    /Applications/Xcode.app/Contents/Developer/Toolchains/XcodeDefault.xctoolchain/usr/bin/clang++ -arch x86_64 -isysroot /Applications/Xcode.app/Contents/Developer/Platforms/MacOSX.platform/Developer/SDKs/MacOSX10.10.sdk -L/Users/karre/Graphics/OpenGL_bin_XCode/CMakeFiles/CMakeTmp/Debug -F/Users/karre/Graphics/OpenGL_bin_XCode/CMakeFiles/CMakeTmp/Debug -filelist /Users/karre/Graphics/OpenGL_bin_XCode/CMakeFiles/CMakeTmp/CMAKE_TRY_COMPILE.build/Debug/cmTryCompileExec3095183163.build/Objects-normal/x86_64/cmTryCompileExec3095183163.LinkFileList -mmacosx-version-min=10.10 -v -Wl,-v -Wl,-search_paths_first -Wl,-headerpad_max_install_names -Xlinker -dependency_info -Xlinker /Users/karre/Graphics/OpenGL_bin_XCode/CMakeFiles/CMakeTmp/CMAKE_TRY_COMPILE.build/Debug/cmTryCompileExec3095183163.build/Objects-normal/x86_64/cmTryCompileExec3095183163_dependency_info.dat -o /Users/karre/Graphics/OpenGL_bin_XCode/CMakeFiles/CMakeTmp/Debug/cmTryCompileExec3095183163]
  ignore line: [Apple LLVM version 6.0 (clang-600.0.54) (based on LLVM 3.5svn)]
  ignore line: [Target: x86_64-apple-darwin14.0.0]
  ignore line: [Thread model: posix]
  reduced line: [ "/Applications/Xcode.app/Contents/Developer/Toolchains/XcodeDefault.xctoolchain/usr/bin/ld" -demangle -dynamic -arch x86_64 -macosx_version_min 10.10.0 -syslibroot /Applications/Xcode.app/Contents/Developer/Platforms/MacOSX.platform/Developer/SDKs/MacOSX10.10.sdk -o /Users/karre/Graphics/OpenGL_bin_XCode/CMakeFiles/CMakeTmp/Debug/cmTryCompileExec3095183163 -L/Users/karre/Graphics/OpenGL_bin_XCode/CMakeFiles/CMakeTmp/Debug -filelist /Users/karre/Graphics/OpenGL_bin_XCode/CMakeFiles/CMakeTmp/CMAKE_TRY_COMPILE.build/Debug/cmTryCompileExec3095183163.build/Objects-normal/x86_64/cmTryCompileExec3095183163.LinkFileList -v -search_paths_first -headerpad_max_install_names -dependency_info /Users/karre/Graphics/OpenGL_bin_XCode/CMakeFiles/CMakeTmp/CMAKE_TRY_COMPILE.build/Debug/cmTryCompileExec3095183163.build/Objects-normal/x86_64/cmTryCompileExec3095183163_dependency_info.dat -lc++ -lSystem /Applications/Xcode.app/Contents/Developer/Toolchains/XcodeDefault.xctoolchain/usr/bin/../lib/clang/6.0/lib/darwin/libclang_rt.osx.a -F/Users/karre/Graphics/OpenGL_bin_XCode/CMakeFiles/CMakeTmp/Debug]
            to: [ "/Applications/Xcode.app/Contents/Developer/Toolchains/XcodeDefault.xctoolchain/usr/bin/ld" -demangle -dynamic -arch x86_64 -macosx_version_min 10.10.0 -syslibroot /Applications/Xcode.app/Contents/Developer/Platforms/MacOSX.platform/Developer/SDKs/MacOSX10.10.sdk -o /Users/karre/Graphics/OpenGL_bin_XCode/CMakeFiles/CMakeTmp/Debug/cmTryCompileExec3095183163 -filelist /Users/karre/Graphics/OpenGL_bin_XCode/CMakeFiles/CMakeTmp/CMAKE_TRY_COMPILE.build/Debug/cmTryCompileExec3095183163.build/Objects-normal/x86_64/cmTryCompileExec3095183163.LinkFileList -v -search_paths_first -headerpad_max_install_names -dependency_info /Users/karre/Graphics/OpenGL_bin_XCode/CMakeFiles/CMakeTmp/CMAKE_TRY_COMPILE.build/Debug/cmTryCompileExec3095183163.build/Objects-normal/x86_64/cmTryCompileExec3095183163_dependency_info.dat -lc++ -lSystem /Applications/Xcode.app/Contents/Developer/Toolchains/XcodeDefault.xctoolchain/usr/bin/../lib/clang/6.0/lib/darwin/libclang_rt.osx.a ]
  link line: [ "/Applications/Xcode.app/Contents/Developer/Toolchains/XcodeDefault.xctoolchain/usr/bin/ld" -demangle -dynamic -arch x86_64 -macosx_version_min 10.10.0 -syslibroot /Applications/Xcode.app/Contents/Developer/Platforms/MacOSX.platform/Developer/SDKs/MacOSX10.10.sdk -o /Users/karre/Graphics/OpenGL_bin_XCode/CMakeFiles/CMakeTmp/Debug/cmTryCompileExec3095183163 -filelist /Users/karre/Graphics/OpenGL_bin_XCode/CMakeFiles/CMakeTmp/CMAKE_TRY_COMPILE.build/Debug/cmTryCompileExec3095183163.build/Objects-normal/x86_64/cmTryCompileExec3095183163.LinkFileList -v -search_paths_first -headerpad_max_install_names -dependency_info /Users/karre/Graphics/OpenGL_bin_XCode/CMakeFiles/CMakeTmp/CMAKE_TRY_COMPILE.build/Debug/cmTryCompileExec3095183163.build/Objects-normal/x86_64/cmTryCompileExec3095183163_dependency_info.dat -lc++ -lSystem /Applications/Xcode.app/Contents/Developer/Toolchains/XcodeDefault.xctoolchain/usr/bin/../lib/clang/6.0/lib/darwin/libclang_rt.osx.a ]
    arg [/Applications/Xcode.app/Contents/Developer/Toolchains/XcodeDefault.xctoolchain/usr/bin/ld] ==> ignore
    arg [-demangle] ==> ignore
    arg [-dynamic] ==> ignore
    arg [-arch] ==> ignore
    arg [x86_64] ==> ignore
    arg [-macosx_version_min] ==> ignore
    arg [10.10.0] ==> ignore
    arg [-syslibroot] ==> ignore
    arg [/Applications/Xcode.app/Contents/Developer/Platforms/MacOSX.platform/Developer/SDKs/MacOSX10.10.sdk] ==> ignore
    arg [-o] ==> ignore
    arg [/Users/karre/Graphics/OpenGL_bin_XCode/CMakeFiles/CMakeTmp/Debug/cmTryCompileExec3095183163] ==> ignore
    arg [-filelist] ==> ignore
    arg [/Users/karre/Graphics/OpenGL_bin_XCode/CMakeFiles/CMakeTmp/CMAKE_TRY_COMPILE.build/Debug/cmTryCompileExec3095183163.build/Objects-normal/x86_64/cmTryCompileExec3095183163.LinkFileList] ==> ignore
    arg [-v] ==> ignore
    arg [-search_paths_first] ==> ignore
    arg [-headerpad_max_install_names] ==> ignore
    arg [-dependency_info] ==> ignore
    arg [/Users/karre/Graphics/OpenGL_bin_XCode/CMakeFiles/CMakeTmp/CMAKE_TRY_COMPILE.build/Debug/cmTryCompileExec3095183163.build/Objects-normal/x86_64/cmTryCompileExec3095183163_dependency_info.dat] ==> ignore
    arg [-lc++] ==> lib [c++]
    arg [-lSystem] ==> lib [System]
    arg [/Applications/Xcode.app/Contents/Developer/Toolchains/XcodeDefault.xctoolchain/usr/bin/../lib/clang/6.0/lib/darwin/libclang_rt.osx.a] ==> lib [/Applications/Xcode.app/Contents/Developer/Toolchains/XcodeDefault.xctoolchain/usr/bin/../lib/clang/6.0/lib/darwin/libclang_rt.osx.a]
  Library search paths: [;/Users/karre/Graphics/OpenGL_bin_XCode/CMakeFiles/CMakeTmp/Debug;/Applications/Xcode.app/Contents/Developer/Platforms/MacOSX.platform/Developer/SDKs/MacOSX10.10.sdk/usr/lib]
  Framework search paths: [;/Users/karre/Graphics/OpenGL_bin_XCode/CMakeFiles/CMakeTmp/Debug;/Applications/Xcode.app/Contents/Developer/Platforms/MacOSX.platform/Developer/SDKs/MacOSX10.10.sdk/System/Library/Frameworks/]
  remove lib [System]
  collapse lib [/Applications/Xcode.app/Contents/Developer/Toolchains/XcodeDefault.xctoolchain/usr/bin/../lib/clang/6.0/lib/darwin/libclang_rt.osx.a] ==> [/Applications/Xcode.app/Contents/Developer/Toolchains/XcodeDefault.xctoolchain/usr/lib/clang/6.0/lib/darwin/libclang_rt.osx.a]
  collapse library dir [/Users/karre/Graphics/OpenGL_bin_XCode/CMakeFiles/CMakeTmp/Debug] ==> [/Users/karre/Graphics/OpenGL_bin_XCode/CMakeFiles/CMakeTmp/Debug], skipping non-system directory
  collapse library dir [/Applications/Xcode.app/Contents/Developer/Platforms/MacOSX.platform/Developer/SDKs/MacOSX10.10.sdk/usr/lib] ==> [/Applications/Xcode.app/Contents/Developer/Platforms/MacOSX.platform/Developer/SDKs/MacOSX10.10.sdk/usr/lib]
  collapse framework dir [/Users/karre/Graphics/OpenGL_bin_XCode/CMakeFiles/CMakeTmp/Debug] ==> [/Users/karre/Graphics/OpenGL_bin_XCode/CMakeFiles/CMakeTmp/Debug], skipping non-system directory
  collapse framework dir [/Applications/Xcode.app/Contents/Developer/Platforms/MacOSX.platform/Developer/SDKs/MacOSX10.10.sdk/System/Library/Frameworks/] ==> [/Applications/Xcode.app/Contents/Developer/Platforms/MacOSX.platform/Developer/SDKs/MacOSX10.10.sdk/System/Library/Frameworks]
  implicit libs: [c++;/Applications/Xcode.app/Contents/Developer/Toolchains/XcodeDefault.xctoolchain/usr/lib/clang/6.0/lib/darwin/libclang_rt.osx.a]
  implicit dirs: [/Applications/Xcode.app/Contents/Developer/Platforms/MacOSX.platform/Developer/SDKs/MacOSX10.10.sdk/usr/lib]
  implicit fwks: [/Applications/Xcode.app/Contents/Developer/Platforms/MacOSX.platform/Developer/SDKs/MacOSX10.10.sdk/System/Library/Frameworks]


Determining if files pthread.h exist passed with the following output:
Change Dir: /Users/karre/Graphics/OpenGL_bin_XCode/CMakeFiles/CMakeTmp

Run Build Command:"/Applications/CMake.app/Contents/bin/cmakexbuild" "-project" "CMAKE_TRY_COMPILE.xcodeproj" "build" "-target" "cmTryCompileExec2048429351" "-configuration" "Debug"
=== BUILD TARGET cmTryCompileExec2048429351 OF PROJECT CMAKE_TRY_COMPILE WITH CONFIGURATION Debug ===

Check dependencies

Write auxiliary files
/bin/mkdir -p /Users/karre/Graphics/OpenGL_bin_XCode/CMakeFiles/CMakeTmp/CMAKE_TRY_COMPILE.build/Debug/cmTryCompileExec2048429351.build/Objects-normal/x86_64
write-file /Users/karre/Graphics/OpenGL_bin_XCode/CMakeFiles/CMakeTmp/CMAKE_TRY_COMPILE.build/Debug/cmTryCompileExec2048429351.build/Objects-normal/x86_64/cmTryCompileExec2048429351.LinkFileList

CompileC CMAKE_TRY_COMPILE.build/Debug/cmTryCompileExec2048429351.build/Objects-normal/x86_64/CheckIncludeFiles.o CheckIncludeFiles.c normal x86_64 c com.apple.compilers.llvm.clang.1_0.compiler
    cd /Users/karre/Graphics/OpenGL_bin_XCode/CMakeFiles/CMakeTmp
    export LANG=en_US.US-ASCII
    /Applications/Xcode.app/Contents/Developer/Toolchains/XcodeDefault.xctoolchain/usr/bin/clang -x c -arch x86_64 -fmessage-length=0 -fdiagnostics-show-note-include-stack -fmacro-backtrace-limit=0 -Wno-trigraphs -fpascal-strings -O0 -Wno-missing-field-initializers -Wno-missing-prototypes -Wno-return-type -Wno-missing-braces -Wparentheses -Wswitch -Wno-unused-function -Wno-unused-label -Wno-unused-parameter -Wno-unused-variable -Wunused-value -Wno-empty-body -Wno-uninitialized -Wno-unknown-pragmas -Wno-shadow -Wno-four-char-constants -Wno-conversion -Wno-constant-conversion -Wno-int-conversion -Wno-bool-conversion -Wno-enum-conversion -Wno-shorten-64-to-32 -Wpointer-sign -Wno-newline-eof -DCMAKE_INTDIR=\"Debug\" -isysroot /Applications/Xcode.app/Contents/Developer/Platforms/MacOSX.platform/Developer/SDKs/MacOSX10.10.sdk -fasm-blocks -fstrict-aliasing -Wdeprecated-declarations -mmacosx-version-min=10.10 -g -Wno-sign-conversion -I/Users/karre/Graphics/OpenGL_bin_XCode/CMakeFiles/CMakeTmp/Debug/include -I/Applications/Xcode.app/Contents/Developer/Toolchains/XcodeDefault.xctoolchain/usr/include -I/Users/karre/Graphics/OpenGL_bin_XCode/CMakeFiles/CMakeTmp/CMAKE_TRY_COMPILE.build/Debug/cmTryCompileExec2048429351.build/DerivedSources/x86_64 -I/Users/karre/Graphics/OpenGL_bin_XCode/CMakeFiles/CMakeTmp/CMAKE_TRY_COMPILE.build/Debug/cmTryCompileExec2048429351.build/DerivedSources -Wmost -Wno-four-char-constants -Wno-unknown-pragmas -F/Users/karre/Graphics/OpenGL_bin_XCode/CMakeFiles/CMakeTmp/Debug -MMD -MT dependencies -MF /Users/karre/Graphics/OpenGL_bin_XCode/CMakeFiles/CMakeTmp/CMAKE_TRY_COMPILE.build/Debug/cmTryCompileExec2048429351.build/Objects-normal/x86_64/CheckIncludeFiles.d --serialize-diagnostics /Users/karre/Graphics/OpenGL_bin_XCode/CMakeFiles/CMakeTmp/CMAKE_TRY_COMPILE.build/Debug/cmTryCompileExec2048429351.build/Objects-normal/x86_64/CheckIncludeFiles.dia -c /Users/karre/Graphics/OpenGL_bin_XCode/CMakeFiles/CMakeTmp/CheckIncludeFiles.c -o /Users/karre/Graphics/OpenGL_bin_XCode/CMakeFiles/CMakeTmp/CMAKE_TRY_COMPILE.build/Debug/cmTryCompileExec2048429351.build/Objects-normal/x86_64/CheckIncludeFiles.o

Ld Debug/cmTryCompileExec2048429351 normal x86_64
    cd /Users/karre/Graphics/OpenGL_bin_XCode/CMakeFiles/CMakeTmp
    export MACOSX_DEPLOYMENT_TARGET=10.10
    /Applications/Xcode.app/Contents/Developer/Toolchains/XcodeDefault.xctoolchain/usr/bin/clang -arch x86_64 -isysroot /Applications/Xcode.app/Contents/Developer/Platforms/MacOSX.platform/Developer/SDKs/MacOSX10.10.sdk -L/Users/karre/Graphics/OpenGL_bin_XCode/CMakeFiles/CMakeTmp/Debug -F/Users/karre/Graphics/OpenGL_bin_XCode/CMakeFiles/CMakeTmp/Debug -filelist /Users/karre/Graphics/OpenGL_bin_XCode/CMakeFiles/CMakeTmp/CMAKE_TRY_COMPILE.build/Debug/cmTryCompileExec2048429351.build/Objects-normal/x86_64/cmTryCompileExec2048429351.LinkFileList -mmacosx-version-min=10.10 -Wl,-search_paths_first -Wl,-headerpad_max_install_names -Xlinker -dependency_info -Xlinker /Users/karre/Graphics/OpenGL_bin_XCode/CMakeFiles/CMakeTmp/CMAKE_TRY_COMPILE.build/Debug/cmTryCompileExec2048429351.build/Objects-normal/x86_64/cmTryCompileExec2048429351_dependency_info.dat -o /Users/karre/Graphics/OpenGL_bin_XCode/CMakeFiles/CMakeTmp/Debug/cmTryCompileExec2048429351

** BUILD SUCCEEDED **



Determining if the pthread_create exist passed with the following output:
Change Dir: /Users/karre/Graphics/OpenGL_bin_XCode/CMakeFiles/CMakeTmp

Run Build Command:"/Applications/CMake.app/Contents/bin/cmakexbuild" "-project" "CMAKE_TRY_COMPILE.xcodeproj" "build" "-target" "cmTryCompileExec4084755402" "-configuration" "Debug"
=== BUILD TARGET cmTryCompileExec4084755402 OF PROJECT CMAKE_TRY_COMPILE WITH CONFIGURATION Debug ===

Check dependencies

Write auxiliary files
/bin/mkdir -p /Users/karre/Graphics/OpenGL_bin_XCode/CMakeFiles/CMakeTmp/CMAKE_TRY_COMPILE.build/Debug/cmTryCompileExec4084755402.build/Objects-normal/x86_64
write-file /Users/karre/Graphics/OpenGL_bin_XCode/CMakeFiles/CMakeTmp/CMAKE_TRY_COMPILE.build/Debug/cmTryCompileExec4084755402.build/Objects-normal/x86_64/cmTryCompileExec4084755402.LinkFileList

CompileC CMAKE_TRY_COMPILE.build/Debug/cmTryCompileExec4084755402.build/Objects-normal/x86_64/CheckSymbolExists.o CheckSymbolExists.c normal x86_64 c com.apple.compilers.llvm.clang.1_0.compiler
    cd /Users/karre/Graphics/OpenGL_bin_XCode/CMakeFiles/CMakeTmp
    export LANG=en_US.US-ASCII
    /Applications/Xcode.app/Contents/Developer/Toolchains/XcodeDefault.xctoolchain/usr/bin/clang -x c -arch x86_64 -fmessage-length=0 -fdiagnostics-show-note-include-stack -fmacro-backtrace-limit=0 -Wno-trigraphs -fpascal-strings -O0 -Wno-missing-field-initializers -Wno-missing-prototypes -Wno-return-type -Wno-missing-braces -Wparentheses -Wswitch -Wno-unused-function -Wno-unused-label -Wno-unused-parameter -Wno-unused-variable -Wunused-value -Wno-empty-body -Wno-uninitialized -Wno-unknown-pragmas -Wno-shadow -Wno-four-char-constants -Wno-conversion -Wno-constant-conversion -Wno-int-conversion -Wno-bool-conversion -Wno-enum-conversion -Wno-shorten-64-to-32 -Wpointer-sign -Wno-newline-eof -DCMAKE_INTDIR=\"Debug\" -isysroot /Applications/Xcode.app/Contents/Developer/Platforms/MacOSX.platform/Developer/SDKs/MacOSX10.10.sdk -fasm-blocks -fstrict-aliasing -Wdeprecated-declarations -mmacosx-version-min=10.10 -g -Wno-sign-conversion -I/Users/karre/Graphics/OpenGL_bin_XCode/CMakeFiles/CMakeTmp/Debug/include -I/Applications/Xcode.app/Contents/Developer/Toolchains/XcodeDefault.xctoolchain/usr/include -I/Users/karre/Graphics/OpenGL_bin_XCode/CMakeFiles/CMakeTmp/CMAKE_TRY_COMPILE.build/Debug/cmTryCompileExec4084755402.build/DerivedSources/x86_64 -I/Users/karre/Graphics/OpenGL_bin_XCode/CMakeFiles/CMakeTmp/CMAKE_TRY_COMPILE.build/Debug/cmTryCompileExec4084755402.build/DerivedSources -Wmost -Wno-four-char-constants -Wno-unknown-pragmas -F/Users/karre/Graphics/OpenGL_bin_XCode/CMakeFiles/CMakeTmp/Debug -MMD -MT dependencies -MF /Users/karre/Graphics/OpenGL_bin_XCode/CMakeFiles/CMakeTmp/CMAKE_TRY_COMPILE.build/Debug/cmTryCompileExec4084755402.build/Objects-normal/x86_64/CheckSymbolExists.d --serialize-diagnostics /Users/karre/Graphics/OpenGL_bin_XCode/CMakeFiles/CMakeTmp/CMAKE_TRY_COMPILE.build/Debug/cmTryCompileExec4084755402.build/Objects-normal/x86_64/CheckSymbolExists.dia -c /Users/karre/Graphics/OpenGL_bin_XCode/CMakeFiles/CMakeTmp/CheckSymbolExists.c -o /Users/karre/Graphics/OpenGL_bin_XCode/CMakeFiles/CMakeTmp/CMAKE_TRY_COMPILE.build/Debug/cmTryCompileExec4084755402.build/Objects-normal/x86_64/CheckSymbolExists.o

Ld Debug/cmTryCompileExec4084755402 normal x86_64
    cd /Users/karre/Graphics/OpenGL_bin_XCode/CMakeFiles/CMakeTmp
    export MACOSX_DEPLOYMENT_TARGET=10.10
    /Applications/Xcode.app/Contents/Developer/Toolchains/XcodeDefault.xctoolchain/usr/bin/clang -arch x86_64 -isysroot /Applications/Xcode.app/Contents/Developer/Platforms/MacOSX.platform/Developer/SDKs/MacOSX10.10.sdk -L/Users/karre/Graphics/OpenGL_bin_XCode/CMakeFiles/CMakeTmp/Debug -F/Users/karre/Graphics/OpenGL_bin_XCode/CMakeFiles/CMakeTmp/Debug -filelist /Users/karre/Graphics/OpenGL_bin_XCode/CMakeFiles/CMakeTmp/CMAKE_TRY_COMPILE.build/Debug/cmTryCompileExec4084755402.build/Objects-normal/x86_64/cmTryCompileExec4084755402.LinkFileList -mmacosx-version-min=10.10 -Wl,-search_paths_first -Wl,-headerpad_max_install_names -Xlinker -dependency_info -Xlinker /Users/karre/Graphics/OpenGL_bin_XCode/CMakeFiles/CMakeTmp/CMAKE_TRY_COMPILE.build/Debug/cmTryCompileExec4084755402.build/Objects-normal/x86_64/cmTryCompileExec4084755402_dependency_info.dat -o /Users/karre/Graphics/OpenGL_bin_XCode/CMakeFiles/CMakeTmp/Debug/cmTryCompileExec4084755402

** BUILD SUCCEEDED **


File /Users/karre/Graphics/OpenGL_bin_XCode/CMakeFiles/CMakeTmp/CheckSymbolExists.c:
/* */
#include <pthread.h>

int main(int argc, char** argv)
{
  (void)argv;
#ifndef pthread_create
  return ((int*)(&pthread_create))[argc];
#else
  (void)argc;
  return 0;
#endif
}

Determining if the include file sys/types.h exists passed with the following output:
Change Dir: /Users/karre/Graphics/OpenGL_bin_XCode/CMakeFiles/CMakeTmp

Run Build Command:"/Applications/CMake.app/Contents/bin/cmakexbuild" "-project" "CMAKE_TRY_COMPILE.xcodeproj" "build" "-target" "cmTryCompileExec2665944435" "-configuration" "Debug"
=== BUILD TARGET cmTryCompileExec2665944435 OF PROJECT CMAKE_TRY_COMPILE WITH CONFIGURATION Debug ===

Check dependencies

Write auxiliary files
/bin/mkdir -p /Users/karre/Graphics/OpenGL_bin_XCode/CMakeFiles/CMakeTmp/CMAKE_TRY_COMPILE.build/Debug/cmTryCompileExec2665944435.build/Objects-normal/x86_64
write-file /Users/karre/Graphics/OpenGL_bin_XCode/CMakeFiles/CMakeTmp/CMAKE_TRY_COMPILE.build/Debug/cmTryCompileExec2665944435.build/Objects-normal/x86_64/cmTryCompileExec2665944435.LinkFileList

CompileC CMAKE_TRY_COMPILE.build/Debug/cmTryCompileExec2665944435.build/Objects-normal/x86_64/CheckIncludeFile.o CheckIncludeFile.c normal x86_64 c com.apple.compilers.llvm.clang.1_0.compiler
    cd /Users/karre/Graphics/OpenGL_bin_XCode/CMakeFiles/CMakeTmp
    export LANG=en_US.US-ASCII
    /Applications/Xcode.app/Contents/Developer/Toolchains/XcodeDefault.xctoolchain/usr/bin/clang -x c -arch x86_64 -fmessage-length=0 -fdiagnostics-show-note-include-stack -fmacro-backtrace-limit=0 -Wno-trigraphs -fpascal-strings -O0 -Wno-missing-field-initializers -Wno-missing-prototypes -Wno-return-type -Wno-missing-braces -Wparentheses -Wswitch -Wno-unused-function -Wno-unused-label -Wno-unused-parameter -Wno-unused-variable -Wunused-value -Wno-empty-body -Wno-uninitialized -Wno-unknown-pragmas -Wno-shadow -Wno-four-char-constants -Wno-conversion -Wno-constant-conversion -Wno-int-conversion -Wno-bool-conversion -Wno-enum-conversion -Wno-shorten-64-to-32 -Wpointer-sign -Wno-newline-eof -DCMAKE_INTDIR=\"Debug\" -isysroot /Applications/Xcode.app/Contents/Developer/Platforms/MacOSX.platform/Developer/SDKs/MacOSX10.10.sdk -fasm-blocks -fstrict-aliasing -Wdeprecated-declarations -mmacosx-version-min=10.10 -g -Wno-sign-conversion -I/Users/karre/Graphics/OpenGL_bin_XCode/CMakeFiles/CMakeTmp/Debug/include -I/Applications/Xcode.app/Contents/Developer/Toolchains/XcodeDefault.xctoolchain/usr/include -I/Users/karre/Graphics/OpenGL_bin_XCode/CMakeFiles/CMakeTmp/CMAKE_TRY_COMPILE.build/Debug/cmTryCompileExec2665944435.build/DerivedSources/x86_64 -I/Users/karre/Graphics/OpenGL_bin_XCode/CMakeFiles/CMakeTmp/CMAKE_TRY_COMPILE.build/Debug/cmTryCompileExec2665944435.build/DerivedSources -Wmost -Wno-four-char-constants -Wno-unknown-pragmas -F/Users/karre/Graphics/OpenGL_bin_XCode/CMakeFiles/CMakeTmp/Debug -MMD -MT dependencies -MF /Users/karre/Graphics/OpenGL_bin_XCode/CMakeFiles/CMakeTmp/CMAKE_TRY_COMPILE.build/Debug/cmTryCompileExec2665944435.build/Objects-normal/x86_64/CheckIncludeFile.d --serialize-diagnostics /Users/karre/Graphics/OpenGL_bin_XCode/CMakeFiles/CMakeTmp/CMAKE_TRY_COMPILE.build/Debug/cmTryCompileExec2665944435.build/Objects-normal/x86_64/CheckIncludeFile.dia -c /Users/karre/Graphics/OpenGL_bin_XCode/CMakeFiles/CMakeTmp/CheckIncludeFile.c -o /Users/karre/Graphics/OpenGL_bin_XCode/CMakeFiles/CMakeTmp/CMAKE_TRY_COMPILE.build/Debug/cmTryCompileExec2665944435.build/Objects-normal/x86_64/CheckIncludeFile.o

Ld Debug/cmTryCompileExec2665944435 normal x86_64
    cd /Users/karre/Graphics/OpenGL_bin_XCode/CMakeFiles/CMakeTmp
    export MACOSX_DEPLOYMENT_TARGET=10.10
    /Applications/Xcode.app/Contents/Developer/Toolchains/XcodeDefault.xctoolchain/usr/bin/clang -arch x86_64 -isysroot /Applications/Xcode.app/Contents/Developer/Platforms/MacOSX.platform/Developer/SDKs/MacOSX10.10.sdk -L/Users/karre/Graphics/OpenGL_bin_XCode/CMakeFiles/CMakeTmp/Debug -F/Users/karre/Graphics/OpenGL_bin_XCode/CMakeFiles/CMakeTmp/Debug -filelist /Users/karre/Graphics/OpenGL_bin_XCode/CMakeFiles/CMakeTmp/CMAKE_TRY_COMPILE.build/Debug/cmTryCompileExec2665944435.build/Objects-normal/x86_64/cmTryCompileExec2665944435.LinkFileList -mmacosx-version-min=10.10 -Wl,-search_paths_first -Wl,-headerpad_max_install_names -Xlinker -dependency_info -Xlinker /Users/karre/Graphics/OpenGL_bin_XCode/CMakeFiles/CMakeTmp/CMAKE_TRY_COMPILE.build/Debug/cmTryCompileExec2665944435.build/Objects-normal/x86_64/cmTryCompileExec2665944435_dependency_info.dat -o /Users/karre/Graphics/OpenGL_bin_XCode/CMakeFiles/CMakeTmp/Debug/cmTryCompileExec2665944435

** BUILD SUCCEEDED **



Determining if the include file stdint.h exists passed with the following output:
Change Dir: /Users/karre/Graphics/OpenGL_bin_XCode/CMakeFiles/CMakeTmp

Run Build Command:"/Applications/CMake.app/Contents/bin/cmakexbuild" "-project" "CMAKE_TRY_COMPILE.xcodeproj" "build" "-target" "cmTryCompileExec701347133" "-configuration" "Debug"
=== BUILD TARGET cmTryCompileExec701347133 OF PROJECT CMAKE_TRY_COMPILE WITH CONFIGURATION Debug ===

Check dependencies

Write auxiliary files
/bin/mkdir -p /Users/karre/Graphics/OpenGL_bin_XCode/CMakeFiles/CMakeTmp/CMAKE_TRY_COMPILE.build/Debug/cmTryCompileExec701347133.build/Objects-normal/x86_64
write-file /Users/karre/Graphics/OpenGL_bin_XCode/CMakeFiles/CMakeTmp/CMAKE_TRY_COMPILE.build/Debug/cmTryCompileExec701347133.build/Objects-normal/x86_64/cmTryCompileExec701347133.LinkFileList

CompileC CMAKE_TRY_COMPILE.build/Debug/cmTryCompileExec701347133.build/Objects-normal/x86_64/CheckIncludeFile.o CheckIncludeFile.c normal x86_64 c com.apple.compilers.llvm.clang.1_0.compiler
    cd /Users/karre/Graphics/OpenGL_bin_XCode/CMakeFiles/CMakeTmp
    export LANG=en_US.US-ASCII
    /Applications/Xcode.app/Contents/Developer/Toolchains/XcodeDefault.xctoolchain/usr/bin/clang -x c -arch x86_64 -fmessage-length=0 -fdiagnostics-show-note-include-stack -fmacro-backtrace-limit=0 -Wno-trigraphs -fpascal-strings -O0 -Wno-missing-field-initializers -Wno-missing-prototypes -Wno-return-type -Wno-missing-braces -Wparentheses -Wswitch -Wno-unused-function -Wno-unused-label -Wno-unused-parameter -Wno-unused-variable -Wunused-value -Wno-empty-body -Wno-uninitialized -Wno-unknown-pragmas -Wno-shadow -Wno-four-char-constants -Wno-conversion -Wno-constant-conversion -Wno-int-conversion -Wno-bool-conversion -Wno-enum-conversion -Wno-shorten-64-to-32 -Wpointer-sign -Wno-newline-eof -DCMAKE_INTDIR=\"Debug\" -isysroot /Applications/Xcode.app/Contents/Developer/Platforms/MacOSX.platform/Developer/SDKs/MacOSX10.10.sdk -fasm-blocks -fstrict-aliasing -Wdeprecated-declarations -mmacosx-version-min=10.10 -g -Wno-sign-conversion -I/Users/karre/Graphics/OpenGL_bin_XCode/CMakeFiles/CMakeTmp/Debug/include -I/Applications/Xcode.app/Contents/Developer/Toolchains/XcodeDefault.xctoolchain/usr/include -I/Users/karre/Graphics/OpenGL_bin_XCode/CMakeFiles/CMakeTmp/CMAKE_TRY_COMPILE.build/Debug/cmTryCompileExec701347133.build/DerivedSources/x86_64 -I/Users/karre/Graphics/OpenGL_bin_XCode/CMakeFiles/CMakeTmp/CMAKE_TRY_COMPILE.build/Debug/cmTryCompileExec701347133.build/DerivedSources -Wmost -Wno-four-char-constants -Wno-unknown-pragmas -F/Users/karre/Graphics/OpenGL_bin_XCode/CMakeFiles/CMakeTmp/Debug -MMD -MT dependencies -MF /Users/karre/Graphics/OpenGL_bin_XCode/CMakeFiles/CMakeTmp/CMAKE_TRY_COMPILE.build/Debug/cmTryCompileExec701347133.build/Objects-normal/x86_64/CheckIncludeFile.d --serialize-diagnostics /Users/karre/Graphics/OpenGL_bin_XCode/CMakeFiles/CMakeTmp/CMAKE_TRY_COMPILE.build/Debug/cmTryCompileExec701347133.build/Objects-normal/x86_64/CheckIncludeFile.dia -c /Users/karre/Graphics/OpenGL_bin_XCode/CMakeFiles/CMakeTmp/CheckIncludeFile.c -o /Users/karre/Graphics/OpenGL_bin_XCode/CMakeFiles/CMakeTmp/CMAKE_TRY_COMPILE.build/Debug/cmTryCompileExec701347133.build/Objects-normal/x86_64/CheckIncludeFile.o

Ld Debug/cmTryCompileExec701347133 normal x86_64
    cd /Users/karre/Graphics/OpenGL_bin_XCode/CMakeFiles/CMakeTmp
    export MACOSX_DEPLOYMENT_TARGET=10.10
    /Applications/Xcode.app/Contents/Developer/Toolchains/XcodeDefault.xctoolchain/usr/bin/clang -arch x86_64 -isysroot /Applications/Xcode.app/Contents/Developer/Platforms/MacOSX.platform/Developer/SDKs/MacOSX10.10.sdk -L/Users/karre/Graphics/OpenGL_bin_XCode/CMakeFiles/CMakeTmp/Debug -F/Users/karre/Graphics/OpenGL_bin_XCode/CMakeFiles/CMakeTmp/Debug -filelist /Users/karre/Graphics/OpenGL_bin_XCode/CMakeFiles/CMakeTmp/CMAKE_TRY_COMPILE.build/Debug/cmTryCompileExec701347133.build/Objects-normal/x86_64/cmTryCompileExec701347133.LinkFileList -mmacosx-version-min=10.10 -Wl,-search_paths_first -Wl,-headerpad_max_install_names -Xlinker -dependency_info -Xlinker /Users/karre/Graphics/OpenGL_bin_XCode/CMakeFiles/CMakeTmp/CMAKE_TRY_COMPILE.build/Debug/cmTryCompileExec701347133.build/Objects-normal/x86_64/cmTryCompileExec701347133_dependency_info.dat -o /Users/karre/Graphics/OpenGL_bin_XCode/CMakeFiles/CMakeTmp/Debug/cmTryCompileExec701347133

** BUILD SUCCEEDED **



Determining if the include file stddef.h exists passed with the following output:
Change Dir: /Users/karre/Graphics/OpenGL_bin_XCode/CMakeFiles/CMakeTmp

Run Build Command:"/Applications/CMake.app/Contents/bin/cmakexbuild" "-project" "CMAKE_TRY_COMPILE.xcodeproj" "build" "-target" "cmTryCompileExec1661207661" "-configuration" "Debug"
=== BUILD TARGET cmTryCompileExec1661207661 OF PROJECT CMAKE_TRY_COMPILE WITH CONFIGURATION Debug ===

Check dependencies

Write auxiliary files
/bin/mkdir -p /Users/karre/Graphics/OpenGL_bin_XCode/CMakeFiles/CMakeTmp/CMAKE_TRY_COMPILE.build/Debug/cmTryCompileExec1661207661.build/Objects-normal/x86_64
write-file /Users/karre/Graphics/OpenGL_bin_XCode/CMakeFiles/CMakeTmp/CMAKE_TRY_COMPILE.build/Debug/cmTryCompileExec1661207661.build/Objects-normal/x86_64/cmTryCompileExec1661207661.LinkFileList

CompileC CMAKE_TRY_COMPILE.build/Debug/cmTryCompileExec1661207661.build/Objects-normal/x86_64/CheckIncludeFile.o CheckIncludeFile.c normal x86_64 c com.apple.compilers.llvm.clang.1_0.compiler
    cd /Users/karre/Graphics/OpenGL_bin_XCode/CMakeFiles/CMakeTmp
    export LANG=en_US.US-ASCII
    /Applications/Xcode.app/Contents/Developer/Toolchains/XcodeDefault.xctoolchain/usr/bin/clang -x c -arch x86_64 -fmessage-length=0 -fdiagnostics-show-note-include-stack -fmacro-backtrace-limit=0 -Wno-trigraphs -fpascal-strings -O0 -Wno-missing-field-initializers -Wno-missing-prototypes -Wno-return-type -Wno-missing-braces -Wparentheses -Wswitch -Wno-unused-function -Wno-unused-label -Wno-unused-parameter -Wno-unused-variable -Wunused-value -Wno-empty-body -Wno-uninitialized -Wno-unknown-pragmas -Wno-shadow -Wno-four-char-constants -Wno-conversion -Wno-constant-conversion -Wno-int-conversion -Wno-bool-conversion -Wno-enum-conversion -Wno-shorten-64-to-32 -Wpointer-sign -Wno-newline-eof -DCMAKE_INTDIR=\"Debug\" -isysroot /Applications/Xcode.app/Contents/Developer/Platforms/MacOSX.platform/Developer/SDKs/MacOSX10.10.sdk -fasm-blocks -fstrict-aliasing -Wdeprecated-declarations -mmacosx-version-min=10.10 -g -Wno-sign-conversion -I/Users/karre/Graphics/OpenGL_bin_XCode/CMakeFiles/CMakeTmp/Debug/include -I/Applications/Xcode.app/Contents/Developer/Toolchains/XcodeDefault.xctoolchain/usr/include -I/Users/karre/Graphics/OpenGL_bin_XCode/CMakeFiles/CMakeTmp/CMAKE_TRY_COMPILE.build/Debug/cmTryCompileExec1661207661.build/DerivedSources/x86_64 -I/Users/karre/Graphics/OpenGL_bin_XCode/CMakeFiles/CMakeTmp/CMAKE_TRY_COMPILE.build/Debug/cmTryCompileExec1661207661.build/DerivedSources -Wmost -Wno-four-char-constants -Wno-unknown-pragmas -F/Users/karre/Graphics/OpenGL_bin_XCode/CMakeFiles/CMakeTmp/Debug -MMD -MT dependencies -MF /Users/karre/Graphics/OpenGL_bin_XCode/CMakeFiles/CMakeTmp/CMAKE_TRY_COMPILE.build/Debug/cmTryCompileExec1661207661.build/Objects-normal/x86_64/CheckIncludeFile.d --serialize-diagnostics /Users/karre/Graphics/OpenGL_bin_XCode/CMakeFiles/CMakeTmp/CMAKE_TRY_COMPILE.build/Debug/cmTryCompileExec1661207661.build/Objects-normal/x86_64/CheckIncludeFile.dia -c /Users/karre/Graphics/OpenGL_bin_XCode/CMakeFiles/CMakeTmp/CheckIncludeFile.c -o /Users/karre/Graphics/OpenGL_bin_XCode/CMakeFiles/CMakeTmp/CMAKE_TRY_COMPILE.build/Debug/cmTryCompileExec1661207661.build/Objects-normal/x86_64/CheckIncludeFile.o

Ld Debug/cmTryCompileExec1661207661 normal x86_64
    cd /Users/karre/Graphics/OpenGL_bin_XCode/CMakeFiles/CMakeTmp
    export MACOSX_DEPLOYMENT_TARGET=10.10
    /Applications/Xcode.app/Contents/Developer/Toolchains/XcodeDefault.xctoolchain/usr/bin/clang -arch x86_64 -isysroot /Applications/Xcode.app/Contents/Developer/Platforms/MacOSX.platform/Developer/SDKs/MacOSX10.10.sdk -L/Users/karre/Graphics/OpenGL_bin_XCode/CMakeFiles/CMakeTmp/Debug -F/Users/karre/Graphics/OpenGL_bin_XCode/CMakeFiles/CMakeTmp/Debug -filelist /Users/karre/Graphics/OpenGL_bin_XCode/CMakeFiles/CMakeTmp/CMAKE_TRY_COMPILE.build/Debug/cmTryCompileExec1661207661.build/Objects-normal/x86_64/cmTryCompileExec1661207661.LinkFileList -mmacosx-version-min=10.10 -Wl,-search_paths_first -Wl,-headerpad_max_install_names -Xlinker -dependency_info -Xlinker /Users/karre/Graphics/OpenGL_bin_XCode/CMakeFiles/CMakeTmp/CMAKE_TRY_COMPILE.build/Debug/cmTryCompileExec1661207661.build/Objects-normal/x86_64/cmTryCompileExec1661207661_dependency_info.dat -o /Users/karre/Graphics/OpenGL_bin_XCode/CMakeFiles/CMakeTmp/Debug/cmTryCompileExec1661207661

** BUILD SUCCEEDED **



Determining if the function fseeko exists passed with the following output:
Change Dir: /Users/karre/Graphics/OpenGL_bin_XCode/CMakeFiles/CMakeTmp

Run Build Command:"/Applications/CMake.app/Contents/bin/cmakexbuild" "-project" "CMAKE_TRY_COMPILE.xcodeproj" "build" "-target" "cmTryCompileExec146312156" "-configuration" "Debug"
=== BUILD TARGET cmTryCompileExec146312156 OF PROJECT CMAKE_TRY_COMPILE WITH CONFIGURATION Debug ===

Check dependencies

Write auxiliary files
/bin/mkdir -p /Users/karre/Graphics/OpenGL_bin_XCode/CMakeFiles/CMakeTmp/CMAKE_TRY_COMPILE.build/Debug/cmTryCompileExec146312156.build/Objects-normal/x86_64
write-file /Users/karre/Graphics/OpenGL_bin_XCode/CMakeFiles/CMakeTmp/CMAKE_TRY_COMPILE.build/Debug/cmTryCompileExec146312156.build/Objects-normal/x86_64/cmTryCompileExec146312156.LinkFileList

CompileC CMAKE_TRY_COMPILE.build/Debug/cmTryCompileExec146312156.build/Objects-normal/x86_64/CheckFunctionExists.o /Applications/CMake.app/Contents/share/cmake-3.1/Modules/CheckFunctionExists.c normal x86_64 c com.apple.compilers.llvm.clang.1_0.compiler
    cd /Users/karre/Graphics/OpenGL_bin_XCode/CMakeFiles/CMakeTmp
    export LANG=en_US.US-ASCII
    /Applications/Xcode.app/Contents/Developer/Toolchains/XcodeDefault.xctoolchain/usr/bin/clang -x c -arch x86_64 -fmessage-length=0 -fdiagnostics-show-note-include-stack -fmacro-backtrace-limit=0 -Wno-trigraphs -fpascal-strings -O0 -Wno-missing-field-initializers -Wno-missing-prototypes -Wno-return-type -Wno-missing-braces -Wparentheses -Wswitch -Wno-unused-function -Wno-unused-label -Wno-unused-parameter -Wno-unused-variable -Wunused-value -Wno-empty-body -Wno-uninitialized -Wno-unknown-pragmas -Wno-shadow -Wno-four-char-constants -Wno-conversion -Wno-constant-conversion -Wno-int-conversion -Wno-bool-conversion -Wno-enum-conversion -Wno-shorten-64-to-32 -Wpointer-sign -Wno-newline-eof -DCMAKE_INTDIR=\"Debug\" -isysroot /Applications/Xcode.app/Contents/Developer/Platforms/MacOSX.platform/Developer/SDKs/MacOSX10.10.sdk -fasm-blocks -fstrict-aliasing -Wdeprecated-declarations -mmacosx-version-min=10.10 -g -Wno-sign-conversion -I/Users/karre/Graphics/OpenGL_bin_XCode/CMakeFiles/CMakeTmp/Debug/include -I/Applications/Xcode.app/Contents/Developer/Toolchains/XcodeDefault.xctoolchain/usr/include -I/Users/karre/Graphics/OpenGL_bin_XCode/CMakeFiles/CMakeTmp/CMAKE_TRY_COMPILE.build/Debug/cmTryCompileExec146312156.build/DerivedSources/x86_64 -I/Users/karre/Graphics/OpenGL_bin_XCode/CMakeFiles/CMakeTmp/CMAKE_TRY_COMPILE.build/Debug/cmTryCompileExec146312156.build/DerivedSources -Wmost -Wno-four-char-constants -Wno-unknown-pragmas -F/Users/karre/Graphics/OpenGL_bin_XCode/CMakeFiles/CMakeTmp/Debug -DCHECK_FUNCTION_EXISTS=fseeko -MMD -MT dependencies -MF /Users/karre/Graphics/OpenGL_bin_XCode/CMakeFiles/CMakeTmp/CMAKE_TRY_COMPILE.build/Debug/cmTryCompileExec146312156.build/Objects-normal/x86_64/CheckFunctionExists.d --serialize-diagnostics /Users/karre/Graphics/OpenGL_bin_XCode/CMakeFiles/CMakeTmp/CMAKE_TRY_COMPILE.build/Debug/cmTryCompileExec146312156.build/Objects-normal/x86_64/CheckFunctionExists.dia -c /Applications/CMake.app/Contents/share/cmake-3.1/Modules/CheckFunctionExists.c -o /Users/karre/Graphics/OpenGL_bin_XCode/CMakeFiles/CMakeTmp/CMAKE_TRY_COMPILE.build/Debug/cmTryCompileExec146312156.build/Objects-normal/x86_64/CheckFunctionExists.o

Ld Debug/cmTryCompileExec146312156 normal x86_64
    cd /Users/karre/Graphics/OpenGL_bin_XCode/CMakeFiles/CMakeTmp
    export MACOSX_DEPLOYMENT_TARGET=10.10
    /Applications/Xcode.app/Contents/Developer/Toolchains/XcodeDefault.xctoolchain/usr/bin/clang -arch x86_64 -isysroot /Applications/Xcode.app/Contents/Developer/Platforms/MacOSX.platform/Developer/SDKs/MacOSX10.10.sdk -L/Users/karre/Graphics/OpenGL_bin_XCode/CMakeFiles/CMakeTmp/Debug -F/Users/karre/Graphics/OpenGL_bin_XCode/CMakeFiles/CMakeTmp/Debug -filelist /Users/karre/Graphics/OpenGL_bin_XCode/CMakeFiles/CMakeTmp/CMAKE_TRY_COMPILE.build/Debug/cmTryCompileExec146312156.build/Objects-normal/x86_64/cmTryCompileExec146312156.LinkFileList -mmacosx-version-min=10.10 -Wl,-search_paths_first -Wl,-headerpad_max_install_names -Xlinker -dependency_info -Xlinker /Users/karre/Graphics/OpenGL_bin_XCode/CMakeFiles/CMakeTmp/CMAKE_TRY_COMPILE.build/Debug/cmTryCompileExec146312156.build/Objects-normal/x86_64/cmTryCompileExec146312156_dependency_info.dat -o /Users/karre/Graphics/OpenGL_bin_XCode/CMakeFiles/CMakeTmp/Debug/cmTryCompileExec146312156

** BUILD SUCCEEDED **



Determining if the include file unistd.h exists passed with the following output:
Change Dir: /Users/karre/Graphics/OpenGL_bin_XCode/CMakeFiles/CMakeTmp

Run Build Command:"/Applications/CMake.app/Contents/bin/cmakexbuild" "-project" "CMAKE_TRY_COMPILE.xcodeproj" "build" "-target" "cmTryCompileExec2077058801" "-configuration" "Debug"
=== BUILD TARGET cmTryCompileExec2077058801 OF PROJECT CMAKE_TRY_COMPILE WITH CONFIGURATION Debug ===

Check dependencies

Write auxiliary files
/bin/mkdir -p /Users/karre/Graphics/OpenGL_bin_XCode/CMakeFiles/CMakeTmp/CMAKE_TRY_COMPILE.build/Debug/cmTryCompileExec2077058801.build/Objects-normal/x86_64
write-file /Users/karre/Graphics/OpenGL_bin_XCode/CMakeFiles/CMakeTmp/CMAKE_TRY_COMPILE.build/Debug/cmTryCompileExec2077058801.build/Objects-normal/x86_64/cmTryCompileExec2077058801.LinkFileList

CompileC CMAKE_TRY_COMPILE.build/Debug/cmTryCompileExec2077058801.build/Objects-normal/x86_64/CheckIncludeFile.o CheckIncludeFile.c normal x86_64 c com.apple.compilers.llvm.clang.1_0.compiler
    cd /Users/karre/Graphics/OpenGL_bin_XCode/CMakeFiles/CMakeTmp
    export LANG=en_US.US-ASCII
    /Applications/Xcode.app/Contents/Developer/Toolchains/XcodeDefault.xctoolchain/usr/bin/clang -x c -arch x86_64 -fmessage-length=0 -fdiagnostics-show-note-include-stack -fmacro-backtrace-limit=0 -Wno-trigraphs -fpascal-strings -O0 -Wno-missing-field-initializers -Wno-missing-prototypes -Wno-return-type -Wno-missing-braces -Wparentheses -Wswitch -Wno-unused-function -Wno-unused-label -Wno-unused-parameter -Wno-unused-variable -Wunused-value -Wno-empty-body -Wno-uninitialized -Wno-unknown-pragmas -Wno-shadow -Wno-four-char-constants -Wno-conversion -Wno-constant-conversion -Wno-int-conversion -Wno-bool-conversion -Wno-enum-conversion -Wno-shorten-64-to-32 -Wpointer-sign -Wno-newline-eof -DCMAKE_INTDIR=\"Debug\" -isysroot /Applications/Xcode.app/Contents/Developer/Platforms/MacOSX.platform/Developer/SDKs/MacOSX10.10.sdk -fasm-blocks -fstrict-aliasing -Wdeprecated-declarations -mmacosx-version-min=10.10 -g -Wno-sign-conversion -I/Users/karre/Graphics/OpenGL_bin_XCode/CMakeFiles/CMakeTmp/Debug/include -I/Applications/Xcode.app/Contents/Developer/Toolchains/XcodeDefault.xctoolchain/usr/include -I/Users/karre/Graphics/OpenGL_bin_XCode/CMakeFiles/CMakeTmp/CMAKE_TRY_COMPILE.build/Debug/cmTryCompileExec2077058801.build/DerivedSources/x86_64 -I/Users/karre/Graphics/OpenGL_bin_XCode/CMakeFiles/CMakeTmp/CMAKE_TRY_COMPILE.build/Debug/cmTryCompileExec2077058801.build/DerivedSources -Wmost -Wno-four-char-constants -Wno-unknown-pragmas -F/Users/karre/Graphics/OpenGL_bin_XCode/CMakeFiles/CMakeTmp/Debug -MMD -MT dependencies -MF /Users/karre/Graphics/OpenGL_bin_XCode/CMakeFiles/CMakeTmp/CMAKE_TRY_COMPILE.build/Debug/cmTryCompileExec2077058801.build/Objects-normal/x86_64/CheckIncludeFile.d --serialize-diagnostics /Users/karre/Graphics/OpenGL_bin_XCode/CMakeFiles/CMakeTmp/CMAKE_TRY_COMPILE.build/Debug/cmTryCompileExec2077058801.build/Objects-normal/x86_64/CheckIncludeFile.dia -c /Users/karre/Graphics/OpenGL_bin_XCode/CMakeFiles/CMakeTmp/CheckIncludeFile.c -o /Users/karre/Graphics/OpenGL_bin_XCode/CMakeFiles/CMakeTmp/CMAKE_TRY_COMPILE.build/Debug/cmTryCompileExec2077058801.build/Objects-normal/x86_64/CheckIncludeFile.o

Ld Debug/cmTryCompileExec2077058801 normal x86_64
    cd /Users/karre/Graphics/OpenGL_bin_XCode/CMakeFiles/CMakeTmp
    export MACOSX_DEPLOYMENT_TARGET=10.10
    /Applications/Xcode.app/Contents/Developer/Toolchains/XcodeDefault.xctoolchain/usr/bin/clang -arch x86_64 -isysroot /Applications/Xcode.app/Contents/Developer/Platforms/MacOSX.platform/Developer/SDKs/MacOSX10.10.sdk -L/Users/karre/Graphics/OpenGL_bin_XCode/CMakeFiles/CMakeTmp/Debug -F/Users/karre/Graphics/OpenGL_bin_XCode/CMakeFiles/CMakeTmp/Debug -filelist /Users/karre/Graphics/OpenGL_bin_XCode/CMakeFiles/CMakeTmp/CMAKE_TRY_COMPILE.build/Debug/cmTryCompileExec2077058801.build/Objects-normal/x86_64/cmTryCompileExec2077058801.LinkFileList -mmacosx-version-min=10.10 -Wl,-search_paths_first -Wl,-headerpad_max_install_names -Xlinker -dependency_info -Xlinker /Users/karre/Graphics/OpenGL_bin_XCode/CMakeFiles/CMakeTmp/CMAKE_TRY_COMPILE.build/Debug/cmTryCompileExec2077058801.build/Objects-normal/x86_64/cmTryCompileExec2077058801_dependency_info.dat -o /Users/karre/Graphics/OpenGL_bin_XCode/CMakeFiles/CMakeTmp/Debug/cmTryCompileExec2077058801

** BUILD SUCCEEDED **



